Archive post-action: pkg and notarize
note: Packaging and Notarizing 'desktoppr', version: 0.5, build: 150
2023-11-21 10:15:54
note: Min OS Version:    10.13
note: Development Team:  JME5BW3F3R
note: Installer cert ID: 9EFB40675C6782117B89C2B5AD92B507158EC258

ACTION=install
ADDITIONAL_SDKS=
AD_HOC_CODE_SIGNING_ALLOWED=YES
ALLOW_TARGET_PLATFORM_SPECIALIZATION=NO
ALL_OTHER_LDFLAGS=      
ALL_OTHER_LIBTOOLFLAGS=    
ALTERNATE_GROUP=staff
ALTERNATE_LINKER=
ALTERNATE_MODE=u+w,go-w,a+rX
ALTERNATE_OWNER=armin
ALTERNATE_PERMISSIONS_FILES=
ALWAYS_EMBED_SWIFT_STANDARD_LIBRARIES=NO
ALWAYS_SEARCH_USER_PATHS=NO
ALWAYS_USE_SEPARATE_HEADERMAPS=NO
APPLE_INTERNAL_DEVELOPER_DIR=/AppleInternal/Developer
APPLE_INTERNAL_DIR=/AppleInternal
APPLE_INTERNAL_DOCUMENTATION_DIR=/AppleInternal/Documentation
APPLE_INTERNAL_LIBRARY_DIR=/AppleInternal/Library
APPLE_INTERNAL_TOOLS=/AppleInternal/Developer/Tools
APPLICATION_EXTENSION_API_ONLY=NO
APPLY_RULES_IN_COPY_FILES=NO
APPLY_RULES_IN_COPY_HEADERS=NO
APP_INTENTS_DEPLOYMENT_POSTPROCESSING=YES
APP_INTENTS_DEPLOYMENT_TARGET=10.13
APP_INTENTS_METADATA_PATH=/Metadata.appintents
APP_INTENTS_PLATFORM_FAMILY=
APP_SHORTCUTS_ENABLE_FLEXIBLE_MATCHING=YES
ARCHIVE_DSYMS_PATH=/Users/armin/Library/Developer/Xcode/Archives/2023-11-21/desktoppr 2023-11-21, 10.15.xcarchive/dSYMs
ARCHIVE_PATH=/Users/armin/Library/Developer/Xcode/Archives/2023-11-21/desktoppr 2023-11-21, 10.15.xcarchive
ARCHIVE_PRODUCTS_PATH=/Users/armin/Library/Developer/Xcode/Archives/2023-11-21/desktoppr 2023-11-21, 10.15.xcarchive/Products
ARCHS=arm64 x86_64
ARCHS_STANDARD=arm64 x86_64
ARCHS_STANDARD_32_64_BIT=arm64 x86_64 i386
ARCHS_STANDARD_32_BIT=i386
ARCHS_STANDARD_64_BIT=arm64 x86_64
ARCHS_STANDARD_INCLUDING_64_BIT=arm64 x86_64
ASSETCATALOG_COMPILER_APPICON_NAME=
ASSETCATALOG_COMPILER_BUNDLE_IDENTIFIER=com.scriptingosx.desktoppr
ASSETCATALOG_COMPILER_COMPLICATION_NAME=
ASSETCATALOG_COMPILER_COMPRESS_PNGS=NO
ASSETCATALOG_COMPILER_DEPENDENCY_INFO_FILE=/Users/armin/Library/Developer/Xcode/DerivedData/desktoppr-axtrxynqkoynnoaquqnjwetqjqhd/ArchiveIntermediates/desktoppr/IntermediateBuildFilesPath/desktoppr.build/Release/desktoppr.build/assetcatalog_dependencies
ASSETCATALOG_COMPILER_ENABLE_ON_DEMAND_RESOURCES=NO
ASSETCATALOG_COMPILER_FLATTENED_APP_ICON_PATH=/Users/armin/Library/Developer/Xcode/DerivedData/desktoppr-axtrxynqkoynnoaquqnjwetqjqhd/ArchiveIntermediates/desktoppr/BuildProductsPath/ProductIcon.png
ASSETCATALOG_COMPILER_GENERATE_ASSET_SYMBOLS=YES
ASSETCATALOG_COMPILER_GENERATE_ASSET_SYMBOL_BACKWARDS_DEPLOYMENT_SUPPORT=
ASSETCATALOG_COMPILER_GENERATE_ASSET_SYMBOL_ERRORS=YES
ASSETCATALOG_COMPILER_GENERATE_ASSET_SYMBOL_FRAMEWORKS=SwiftUI UIKit AppKit
ASSETCATALOG_COMPILER_GENERATE_ASSET_SYMBOL_INDEX_PATH=/Users/armin/Library/Developer/Xcode/DerivedData/desktoppr-axtrxynqkoynnoaquqnjwetqjqhd/ArchiveIntermediates/desktoppr/IntermediateBuildFilesPath/desktoppr.build/Release/desktoppr.build/DerivedSources/GeneratedAssetSymbols-Index.plist
ASSETCATALOG_COMPILER_GENERATE_ASSET_SYMBOL_WARNINGS=YES
ASSETCATALOG_COMPILER_GENERATE_OBJC_ASSET_SYMBOLS_PATH=/Users/armin/Library/Developer/Xcode/DerivedData/desktoppr-axtrxynqkoynnoaquqnjwetqjqhd/ArchiveIntermediates/desktoppr/IntermediateBuildFilesPath/desktoppr.build/Release/desktoppr.build/DerivedSources/GeneratedAssetSymbols.h
ASSETCATALOG_COMPILER_GENERATE_SWIFT_ASSET_SYMBOLS_PATH=/Users/armin/Library/Developer/Xcode/DerivedData/desktoppr-axtrxynqkoynnoaquqnjwetqjqhd/ArchiveIntermediates/desktoppr/IntermediateBuildFilesPath/desktoppr.build/Release/desktoppr.build/DerivedSources/GeneratedAssetSymbols.swift
ASSETCATALOG_COMPILER_GENERATE_SWIFT_ASSET_SYMBOL_EXTENSIONS=NO
ASSETCATALOG_COMPILER_GLOBAL_ACCENT_COLOR_NAME=
ASSETCATALOG_COMPILER_INCLUDE_ALL_APPICON_ASSETS=NO
ASSETCATALOG_COMPILER_INCLUDE_INFOPLIST_LOCALIZATIONS=YES
ASSETCATALOG_COMPILER_INCLUDE_STICKER_CONTENT=NO
ASSETCATALOG_COMPILER_INFOPLIST_CONTENT_FILE=/Users/armin/Library/Developer/Xcode/DerivedData/desktoppr-axtrxynqkoynnoaquqnjwetqjqhd/ArchiveIntermediates/desktoppr/IntermediateBuildFilesPath/desktoppr.build/Release/desktoppr.build/assetcatalog_generated_info.plist
ASSETCATALOG_COMPILER_LAUNCHIMAGE_NAME=
ASSETCATALOG_COMPILER_LEADERBOARD_IDENTIFIER_PREFIX=
ASSETCATALOG_COMPILER_LEADERBOARD_SET_IDENTIFIER_PREFIX=
ASSETCATALOG_COMPILER_OPTIMIZATION=
ASSETCATALOG_COMPILER_SKIP_APP_STORE_DEPLOYMENT=
ASSETCATALOG_COMPILER_STANDALONE_ICON_BEHAVIOR=default
ASSETCATALOG_COMPILER_STICKER_PACK_IDENTIFIER_PREFIX=
ASSETCATALOG_COMPILER_STICKER_PACK_STRINGS=
ASSETCATALOG_COMPILER_TARGET_STICKERS_ICON_ROLE=
ASSETCATALOG_COMPILER_WIDGET_BACKGROUND_COLOR_NAME=
ASSETCATALOG_EXEC=actool
ASSETCATALOG_FILTER_FOR_DEVICE_MODEL=
ASSETCATALOG_FILTER_FOR_DEVICE_OS_VERSION=
ASSETCATALOG_FILTER_FOR_THINNING_DEVICE_CONFIGURATION=
ASSETCATALOG_LIGHTWEIGHT_ASSET_RUNTIME_MODE=default
ASSETCATALOG_NOTICES=YES
ASSETCATALOG_OTHER_FLAGS=
ASSETCATALOG_OUTPUT_FORMAT=human-readable-text
ASSETCATALOG_WARNINGS=YES
ASSET_PACK_FOLDER_PATH=/Users/armin/Library/Developer/Xcode/DerivedData/desktoppr-axtrxynqkoynnoaquqnjwetqjqhd/ArchiveIntermediates/desktoppr/InstallationBuildProductsLocation/OnDemandResources
ASSET_PACK_MANIFEST_URL_PREFIX=
AUTOMATICALLY_MERGE_DEPENDENCIES=NO
AVAILABLE_PLATFORMS=appletvos appletvsimulator driverkit iphoneos iphonesimulator macosx watchos watchsimulator
AdditionalInfoFileKeys=
AdditionalInfoFileValues=
BITCODE_GENERATION_MODE=bitcode
BUILD_ACTIVE_RESOURCES_ONLY=NO
BUILD_COMPONENTS=
BUILD_DIR=/Users/armin/Library/Developer/Xcode/DerivedData/desktoppr-axtrxynqkoynnoaquqnjwetqjqhd/ArchiveIntermediates/desktoppr/BuildProductsPath
BUILD_LIBRARY_FOR_DISTRIBUTION=NO
BUILD_ROOT=/Users/armin/Library/Developer/Xcode/DerivedData/desktoppr-axtrxynqkoynnoaquqnjwetqjqhd/ArchiveIntermediates/desktoppr/BuildProductsPath
BUILD_STYLE=Release
BUILD_VARIANTS=normal
BUILT_PRODUCTS_DIR=/Users/armin/Library/Developer/Xcode/DerivedData/desktoppr-axtrxynqkoynnoaquqnjwetqjqhd/ArchiveIntermediates/desktoppr/BuildProductsPath/Release
BUNDLE_CONTENTS_FOLDER_PATH=Contents/
BUNDLE_CONTENTS_FOLDER_PATH_deep=Contents/
BUNDLE_EXECUTABLE_FOLDER_NAME_deep=MacOS
BUNDLE_EXECUTABLE_FOLDER_PATH=Contents/MacOS
BUNDLE_EXTENSIONS_FOLDER_PATH=Contents/Extensions
BUNDLE_FORMAT=deep
BUNDLE_FRAMEWORKS_FOLDER_PATH=Contents/Frameworks
BUNDLE_LOADER=
BUNDLE_PLUGINS_FOLDER_PATH=Contents/PlugIns
BUNDLE_PRIVATE_HEADERS_FOLDER_PATH=Contents/PrivateHeaders
BUNDLE_PUBLIC_HEADERS_FOLDER_PATH=Contents/Headers
CACHE_ROOT=/var/folders/6c/4zxbd4tj1bx5rm_9tfnkdbp40000gn/C/com.apple.DeveloperTools/15.0.1-15A507/Xcode
CA_ASSERT_MAIN_THREAD_TRANSACTIONS=1
CA_DEBUG_TRANSACTIONS=1
CC=
CCHROOT=/var/folders/6c/4zxbd4tj1bx5rm_9tfnkdbp40000gn/C/com.apple.DeveloperTools/15.0.1-15A507/Xcode
CHMOD=/bin/chmod
CHOWN=/usr/sbin/chown
CLANG=clang
CLANG_ADDRESS_SANITIZER=
CLANG_ADDRESS_SANITIZER_ALLOW_ERROR_RECOVERY=
CLANG_ADDRESS_SANITIZER_CONTAINER_OVERFLOW=NO
CLANG_ADDRESS_SANITIZER_USE_AFTER_SCOPE=NO
CLANG_ALLOW_NON_MODULAR_INCLUDES_IN_FRAMEWORK_MODULES=NO
CLANG_ANALYZER_DEADCODE_DEADSTORES=YES
CLANG_ANALYZER_DEFINES=-D__clang_analyzer__
CLANG_ANALYZER_DIVIDE_BY_ZERO=YES
CLANG_ANALYZER_EXEC=clang
CLANG_ANALYZER_GCD=YES
CLANG_ANALYZER_GCD_PERFORMANCE=NO
CLANG_ANALYZER_LIBKERN_RETAIN_COUNT=YES
CLANG_ANALYZER_LOCALIZABILITY_EMPTY_CONTEXT=NO
CLANG_ANALYZER_LOCALIZABILITY_NONLOCALIZED=NO
CLANG_ANALYZER_MALLOC=YES
CLANG_ANALYZER_MEMORY_MANAGEMENT=YES
CLANG_ANALYZER_MIG_CONVENTIONS=YES
CLANG_ANALYZER_NONNULL=YES
CLANG_ANALYZER_NULL_DEREFERENCE=YES
CLANG_ANALYZER_NUMBER_OBJECT_CONVERSION=YES_AGGRESSIVE
CLANG_ANALYZER_OBJC_ATSYNC=YES
CLANG_ANALYZER_OBJC_COLLECTIONS=YES
CLANG_ANALYZER_OBJC_DEALLOC=YES
CLANG_ANALYZER_OBJC_GENERICS=YES
CLANG_ANALYZER_OBJC_INCOMP_METHOD_TYPES=YES
CLANG_ANALYZER_OBJC_NSCFERROR=YES
CLANG_ANALYZER_OBJC_RETAIN_COUNT=YES
CLANG_ANALYZER_OBJC_SELF_INIT=YES
CLANG_ANALYZER_OBJC_UNUSED_IVARS=YES
CLANG_ANALYZER_OSOBJECT_C_STYLE_CAST=NO
CLANG_ANALYZER_OUTPUT=plist-multi-file
CLANG_ANALYZER_OUTPUT_DIR=/Users/armin/Library/Developer/Xcode/DerivedData/desktoppr-axtrxynqkoynnoaquqnjwetqjqhd/ArchiveIntermediates/desktoppr/IntermediateBuildFilesPath/desktoppr.build/Release/desktoppr.build
CLANG_ANALYZER_REPORT_MAIN_SOURCE_FILE=YES
CLANG_ANALYZER_SECURITY_BUFFER_OVERFLOW_EXPERIMENTAL=NO
CLANG_ANALYZER_SECURITY_FLOATLOOPCOUNTER=NO
CLANG_ANALYZER_SECURITY_INSECUREAPI_GETPW_GETS=YES
CLANG_ANALYZER_SECURITY_INSECUREAPI_MKSTEMP=YES
CLANG_ANALYZER_SECURITY_INSECUREAPI_RAND=NO
CLANG_ANALYZER_SECURITY_INSECUREAPI_STRCPY=NO
CLANG_ANALYZER_SECURITY_INSECUREAPI_UNCHECKEDRETURN=YES
CLANG_ANALYZER_SECURITY_INSECUREAPI_VFORK=YES
CLANG_ANALYZER_SECURITY_KEYCHAIN_API=YES
CLANG_ANALYZER_USE_AFTER_MOVE=YES_AGGRESSIVE
CLANG_ARC_MIGRATE_DIR=
CLANG_ARC_MIGRATE_EMIT_ERROR=NO
CLANG_ARC_MIGRATE_PRECHECK=donothing
CLANG_ARC_MIGRATE_REPORT_OUTPUT=
CLANG_BITCODE_GENERATION_MODE=bitcode
CLANG_COLOR_DIAGNOSTICS=NO
CLANG_COVERAGE_MAPPING=NO
CLANG_COVERAGE_MAPPING_LINKER_ARGS=NO
CLANG_CXX_LANGUAGE_STANDARD=gnu++14
CLANG_CXX_LIBRARY=libc++
CLANG_DEBUG_INFORMATION_LEVEL=default
CLANG_DEBUG_MODULES=YES
CLANG_DIAGNOSTICS_FILE=
CLANG_ENABLE_APP_EXTENSION=NO
CLANG_ENABLE_BOUNDS_ATTRIBUTES=NO
CLANG_ENABLE_BOUNDS_SAFETY=NO
CLANG_ENABLE_CODE_COVERAGE=YES
CLANG_ENABLE_CPP_STATIC_DESTRUCTORS=YES
CLANG_ENABLE_EXPLICIT_MODULES=NO
CLANG_ENABLE_MODULES=YES
CLANG_ENABLE_MODULE_DEBUGGING=YES
CLANG_ENABLE_MODULE_IMPLEMENTATION_OF=YES
CLANG_ENABLE_OBJC_ARC=YES
CLANG_ENABLE_OBJC_ARC_EXCEPTIONS=NO
CLANG_ENABLE_OBJC_WEAK=YES
CLANG_ENABLE_PREFIX_MAPPING=
CLANG_INDEX_STORE_ENABLE=NO
CLANG_INDEX_STORE_PATH=/Users/armin/Library/Developer/Xcode/DerivedData/desktoppr-axtrxynqkoynnoaquqnjwetqjqhd/Index.noindex/DataStore
CLANG_INSTRUMENT_FOR_OPTIMIZATION_PROFILING=NO
CLANG_LIBFUZZER=
CLANG_LINK_OBJC_RUNTIME=
CLANG_MACRO_BACKTRACE_LIMIT=0
CLANG_MIGRATOR_ANNOTATIONS=YES
CLANG_MIGRATOR_INSTANCE_TYPE=YES
CLANG_MIGRATOR_NSENUM_MACROS=YES
CLANG_MIGRATOR_OBJC_DESIGNATED_INIT=YES
CLANG_MIGRATOR_OBJC_LITERALS=YES
CLANG_MIGRATOR_OBJC_SUBSCRIPTING=YES
CLANG_MIGRATOR_PROPERTY_ATOMICITY=NS_NONATOMIC_IOSONLY
CLANG_MIGRATOR_PROPERTY_DOT_SYNTAX=YES
CLANG_MIGRATOR_PROTOCOL_CONFORMANCE=NO
CLANG_MIGRATOR_PUBLIC_HEADERS_ONLY=YES
CLANG_MIGRATOR_READONLY_PROPERTY=YES
CLANG_MIGRATOR_READWRITE_PROPERTY=YES
CLANG_MODULES_AUTOLINK=YES
CLANG_MODULES_BUILD_SESSION_FILE=
CLANG_MODULES_DISABLE_PRIVATE_WARNING=NO
CLANG_MODULES_ENABLE_VERIFIER_TOOL=NO
CLANG_MODULES_IGNORE_MACROS=
CLANG_MODULES_PRUNE_AFTER=345600
CLANG_MODULES_PRUNE_INTERVAL=86400
CLANG_MODULES_VALIDATE_SYSTEM_HEADERS=NO
CLANG_MODULES_VERIFIER_VERBOSE_OUTPUT=NO
CLANG_MODULE_CACHE_PATH=/Users/armin/Library/Developer/Xcode/DerivedData/ModuleCache.noindex
CLANG_MODULE_LSV=NO
CLANG_OBJC_MIGRATE_DIR=
CLANG_OPTIMIZATION_PROFILE_FILE=/Users/armin/BTSync/Work/Projects/desktoppr/OptimizationProfiles/desktoppr.profdata
CLANG_OTHER_PREFIX_MAPPINGS=
CLANG_RETAIN_COMMENTS_FROM_SYSTEM_HEADERS=NO
CLANG_SANITIZER_COVERAGE=
CLANG_STATIC_ANALYZER_MODE=shallow
CLANG_STATIC_ANALYZER_MODE_ACTION_deep=
CLANG_STATIC_ANALYZER_MODE_ACTION_shallow=Shallow
CLANG_STATIC_ANALYZER_MODE_ON_ANALYZE_ACTION=deep
CLANG_TARGET_TRIPLE_ARCHS=undefined_arch
CLANG_THREAD_SANITIZER=
CLANG_TIDY_BUGPRONE_ASSERT_SIDE_EFFECT=YES
CLANG_TIDY_BUGPRONE_INFINITE_LOOP=YES
CLANG_TIDY_BUGPRONE_MOVE_FORWARDING_REFERENCE=YES
CLANG_TIDY_BUGPRONE_REDUNDANT_BRANCH_CONDITION=NO
CLANG_TIDY_MISC_REDUNDANT_EXPRESSION=NO
CLANG_TRIVIAL_AUTO_VAR_INIT=default
CLANG_UNDEFINED_BEHAVIOR_SANITIZER=
CLANG_UNDEFINED_BEHAVIOR_SANITIZER_INTEGER=NO
CLANG_UNDEFINED_BEHAVIOR_SANITIZER_NULLABILITY=NO
CLANG_UNDEFINED_BEHAVIOR_SANITIZER_TRAP_ON_SECURITY_ISSUES=NO
CLANG_UNDEFINED_BEHAVIOR_SANITIZER_TRAP_ON_SECURITY_ISSUES_OPT=YES
CLANG_USE_OPTIMIZATION_PROFILE=NO
CLANG_WARN_ASSIGN_ENUM=NO
CLANG_WARN_ATOMIC_IMPLICIT_SEQ_CST=NO
CLANG_WARN_BLOCK_CAPTURE_AUTORELEASING=YES
CLANG_WARN_BOOL_CONVERSION=YES
CLANG_WARN_COMMA=YES
CLANG_WARN_COMPLETION_HANDLER_MISUSE=NO
CLANG_WARN_CONSTANT_CONVERSION=YES
CLANG_WARN_CXX0X_EXTENSIONS=NO
CLANG_WARN_DELETE_NON_VIRTUAL_DTOR=YES
CLANG_WARN_DEPRECATED_OBJC_IMPLEMENTATIONS=YES
CLANG_WARN_DIRECT_OBJC_ISA_USAGE=YES_ERROR
CLANG_WARN_DOCUMENTATION_COMMENTS=YES
CLANG_WARN_EMPTY_BODY=YES
CLANG_WARN_ENUM_CONVERSION=YES
CLANG_WARN_FLOAT_CONVERSION=NO
CLANG_WARN_FRAMEWORK_INCLUDE_PRIVATE_FROM_PUBLIC=NO
CLANG_WARN_IMPLICIT_FALLTHROUGH=NO
CLANG_WARN_IMPLICIT_SIGN_CONVERSION=NO
CLANG_WARN_INFINITE_RECURSION=YES
CLANG_WARN_INT_CONVERSION=YES
CLANG_WARN_MISSING_NOESCAPE=YES
CLANG_WARN_NON_LITERAL_NULL_CONVERSION=YES
CLANG_WARN_NULLABLE_TO_NONNULL_CONVERSION=NO
CLANG_WARN_OBJC_EXPLICIT_OWNERSHIP_TYPE=NO
CLANG_WARN_OBJC_IMPLICIT_ATOMIC_PROPERTIES=NO
CLANG_WARN_OBJC_IMPLICIT_RETAIN_SELF=YES
CLANG_WARN_OBJC_INTERFACE_IVARS=NO
CLANG_WARN_OBJC_LITERAL_CONVERSION=YES
CLANG_WARN_OBJC_MISSING_PROPERTY_SYNTHESIS=NO
CLANG_WARN_OBJC_REPEATED_USE_OF_WEAK=NO
CLANG_WARN_OBJC_ROOT_CLASS=YES_ERROR
CLANG_WARN_PRAGMA_PACK=YES
CLANG_WARN_PRIVATE_MODULE=YES
CLANG_WARN_QUOTED_INCLUDE_IN_FRAMEWORK_HEADER=YES
CLANG_WARN_RANGE_LOOP_ANALYSIS=YES
CLANG_WARN_SEMICOLON_BEFORE_METHOD_BODY=NO
CLANG_WARN_STRICT_PROTOTYPES=YES
CLANG_WARN_SUSPICIOUS_IMPLICIT_CONVERSION=NO
CLANG_WARN_SUSPICIOUS_MOVE=YES
CLANG_WARN_UNGUARDED_AVAILABILITY=YES_AGGRESSIVE
CLANG_WARN_UNREACHABLE_CODE=YES
CLANG_WARN_VEXING_PARSE=YES
CLANG_WARN_XNU_TYPED_ALLOCATORS=DEFAULT
CLANG_WARN__ARC_BRIDGE_CAST_NONARC=YES
CLANG_WARN__DUPLICATE_METHOD_MATCH=YES
CLANG_WARN__EXIT_TIME_DESTRUCTORS=NO
CLANG_X86_VECTOR_INSTRUCTIONS=default
CLASS_FILE_DIR=/Users/armin/Library/Developer/Xcode/DerivedData/desktoppr-axtrxynqkoynnoaquqnjwetqjqhd/ArchiveIntermediates/desktoppr/IntermediateBuildFilesPath/desktoppr.build/Release/desktoppr.build/JavaClasses
CLEAN_PRECOMPS=YES
CLICOLOR=1
CLONE_HEADERS=NO
CODESIGNING_FOLDER_PATH=/Users/armin/Library/Developer/Xcode/DerivedData/desktoppr-axtrxynqkoynnoaquqnjwetqjqhd/ArchiveIntermediates/desktoppr/InstallationBuildProductsLocation/usr/local/bin/desktoppr
CODE_SIGNING_ALLOWED=YES
CODE_SIGNING_REQUIRED=YES
CODE_SIGN_ENTITLEMENTS=
CODE_SIGN_IDENTITY=Developer ID Application
CODE_SIGN_IDENTITY_NO=Apple Development
CODE_SIGN_IDENTITY_YES=-
CODE_SIGN_INJECT_BASE_ENTITLEMENTS=YES
CODE_SIGN_KEYCHAIN=
CODE_SIGN_LOCAL_EXECUTION_IDENTITY=
CODE_SIGN_RESOURCE_RULES_IN_BUNDLE=
CODE_SIGN_STYLE=Manual
COLOR_DIAGNOSTICS=NO
COMBINE_HIDPI_IMAGES=NO
COMMAND_MODE=unix2003
COMPILER_INDEX_STORE_ENABLE=Default
COMPOSITE_SDK_DIRS=/Users/armin/Library/Developer/Xcode/DerivedData/desktoppr-axtrxynqkoynnoaquqnjwetqjqhd/ArchiveIntermediates/desktoppr/IntermediateBuildFilesPath/CompositeSDKs
COMPRESS_PNG_FILES=NO
COMPRESS_TIFF_FILES_WHILE_COPYING=NO
CONFIGURATION=Release
CONFIGURATION_BUILD_DIR=/Users/armin/Library/Developer/Xcode/DerivedData/desktoppr-axtrxynqkoynnoaquqnjwetqjqhd/ArchiveIntermediates/desktoppr/BuildProductsPath/Release
CONFIGURATION_TEMP_DIR=/Users/armin/Library/Developer/Xcode/DerivedData/desktoppr-axtrxynqkoynnoaquqnjwetqjqhd/ArchiveIntermediates/desktoppr/IntermediateBuildFilesPath/desktoppr.build/Release
CONTENTS_FOLDER_PATH=
COPYING_PRESERVES_HFS_DATA=NO
COPY_HEADERS_RUN_UNIFDEF=NO
COPY_HEADERS_UNIFDEF_FLAGS=
COPY_PHASE_STRIP=NO
COREML_CODEGEN_LANGUAGE=Automatic
COREML_CODEGEN_SWIFT_GLOBAL_MODULE=NO
COREML_CODEGEN_SWIFT_VERSION=4.2
COREML_COMPILER_CONTAINER=bundle-resources
COREML_COMPILER_INFOPLIST_CONTENT_FILE=/Users/armin/Library/Developer/Xcode/DerivedData/desktoppr-axtrxynqkoynnoaquqnjwetqjqhd/ArchiveIntermediates/desktoppr/IntermediateBuildFilesPath/desktoppr.build/Release/desktoppr.build/-CoreMLPartialInfo.plist
COREML_DEPLOYMENT_TARGET=10.13
COREML_DEPLOYMENT_TARGET__NO=10.13
COREML_DEPLOYMENT_TARGET__YES=17.0
COREML_PLATFORM_NAME=macos
COREML_PLATFORM_NAME__NO=macos
COREML_PLATFORM_NAME__YES=maccatalyst
CP=/bin/cp
CPP_HEADERMAP_FILE=/Users/armin/Library/Developer/Xcode/DerivedData/desktoppr-axtrxynqkoynnoaquqnjwetqjqhd/ArchiveIntermediates/desktoppr/IntermediateBuildFilesPath/desktoppr.build/Release/desktoppr.build/desktoppr.hmap
CPP_HEADERMAP_FILE_FOR_ALL_NON_FRAMEWORK_TARGET_HEADERS=/Users/armin/Library/Developer/Xcode/DerivedData/desktoppr-axtrxynqkoynnoaquqnjwetqjqhd/ArchiveIntermediates/desktoppr/IntermediateBuildFilesPath/desktoppr.build/Release/desktoppr.build/desktoppr-all-non-framework-target-headers.hmap
CPP_HEADERMAP_FILE_FOR_ALL_TARGET_HEADERS=/Users/armin/Library/Developer/Xcode/DerivedData/desktoppr-axtrxynqkoynnoaquqnjwetqjqhd/ArchiveIntermediates/desktoppr/IntermediateBuildFilesPath/desktoppr.build/Release/desktoppr.build/desktoppr-all-target-headers.hmap
CPP_HEADERMAP_FILE_FOR_GENERATED_FILES=/Users/armin/Library/Developer/Xcode/DerivedData/desktoppr-axtrxynqkoynnoaquqnjwetqjqhd/ArchiveIntermediates/desktoppr/IntermediateBuildFilesPath/desktoppr.build/Release/desktoppr.build/desktoppr-generated-files.hmap
CPP_HEADERMAP_FILE_FOR_OWN_TARGET_HEADERS=/Users/armin/Library/Developer/Xcode/DerivedData/desktoppr-axtrxynqkoynnoaquqnjwetqjqhd/ArchiveIntermediates/desktoppr/IntermediateBuildFilesPath/desktoppr.build/Release/desktoppr.build/desktoppr-own-target-headers.hmap
CPP_HEADERMAP_FILE_FOR_PROJECT_FILES=/Users/armin/Library/Developer/Xcode/DerivedData/desktoppr-axtrxynqkoynnoaquqnjwetqjqhd/ArchiveIntermediates/desktoppr/IntermediateBuildFilesPath/desktoppr.build/Release/desktoppr.build/desktoppr-project-headers.hmap
CPP_HEADERMAP_PRODUCT_HEADERS_VFS_FILE=/Users/armin/Library/Developer/Xcode/DerivedData/desktoppr-axtrxynqkoynnoaquqnjwetqjqhd/ArchiveIntermediates/desktoppr/IntermediateBuildFilesPath/desktoppr.build/all-product-headers.yaml
CPP_HEADER_SYMLINKS_DIR=/Users/armin/Library/Developer/Xcode/DerivedData/desktoppr-axtrxynqkoynnoaquqnjwetqjqhd/ArchiveIntermediates/desktoppr/IntermediateBuildFilesPath/desktoppr.build/Release/desktoppr.build/desktoppr.hdrs
CREATE_INFOPLIST_SECTION_IN_BINARY=YES
CURRENT_ARCH=undefined_arch
CURRENT_PROJECT_VERSION=0.2
CURRENT_VARIANT=normal
CURRENT_VERSION=
CodeSignEntitlements=
CodeSignResourceRules=
DEAD_CODE_STRIPPING=YES
DEBUGGING_SYMBOLS=YES
DEBUG_INFORMATION_FORMAT=dwarf-with-dsym
DEFAULT_COMPILER=com.apple.compilers.llvm.clang.1_0
DEFAULT_DEXT_INSTALL_PATH=/System/Library/DriverExtensions
DEFAULT_KEXT_INSTALL_PATH=/System/Library/Extensions
DEFAULT_SSE_LEVEL_3_NO=default
DEFAULT_SSE_LEVEL_3_SUPPLEMENTAL_NO=default
DEFAULT_SSE_LEVEL_3_SUPPLEMENTAL_YES=ssse3
DEFAULT_SSE_LEVEL_3_YES=sse3
DEFAULT_SSE_LEVEL_4_1_NO=default
DEFAULT_SSE_LEVEL_4_1_YES=sse4.1
DEFAULT_SSE_LEVEL_4_2_NO=default
DEFAULT_SSE_LEVEL_4_2_YES=sse4.2
DEFINES_MODULE=NO
DEPLOYMENT_LOCATION=YES
DEPLOYMENT_POSTPROCESSING=YES
DEPLOYMENT_TARGET=10.13
DEPLOYMENT_TARGET_SETTING_NAME=MACOSX_DEPLOYMENT_TARGET
DEPLOYMENT_TARGET_SUGGESTED_VALUES=10.13 10.14 10.15 11.0 11.1 11.2 11.3 11.4 11.5 12.0 12.2 12.3 12.4 13.0 13.1 13.2 13.3 13.4 13.5 14.0
DERIVED_DATA_DIR=/Users/armin/Library/Developer/Xcode/DerivedData
DERIVED_FILES_DIR=/Users/armin/Library/Developer/Xcode/DerivedData/desktoppr-axtrxynqkoynnoaquqnjwetqjqhd/ArchiveIntermediates/desktoppr/IntermediateBuildFilesPath/desktoppr.build/Release/desktoppr.build/DerivedSources
DERIVED_FILE_DIR=/Users/armin/Library/Developer/Xcode/DerivedData/desktoppr-axtrxynqkoynnoaquqnjwetqjqhd/ArchiveIntermediates/desktoppr/IntermediateBuildFilesPath/desktoppr.build/Release/desktoppr.build/DerivedSources
DERIVED_PATHS=
DERIVED_SOURCES_DIR=/Users/armin/Library/Developer/Xcode/DerivedData/desktoppr-axtrxynqkoynnoaquqnjwetqjqhd/ArchiveIntermediates/desktoppr/IntermediateBuildFilesPath/desktoppr.build/Release/desktoppr.build/DerivedSources
DERIVE_MACCATALYST_PRODUCT_BUNDLE_IDENTIFIER=
DEVELOPER_APPLICATIONS_DIR=/Applications/Xcode.app/Contents/Developer/Applications
DEVELOPER_BIN_DIR=/Applications/Xcode.app/Contents/Developer/usr/bin
DEVELOPER_DIR=/Applications/Xcode.app/Contents/Developer
DEVELOPER_FRAMEWORKS_DIR=/Applications/Xcode.app/Contents/Developer/Library/Frameworks
DEVELOPER_FRAMEWORKS_DIR_QUOTED=/Applications/Xcode.app/Contents/Developer/Library/Frameworks
DEVELOPER_LIBRARY_DIR=/Applications/Xcode.app/Contents/Developer/Library
DEVELOPER_SDK_DIR=/Applications/Xcode.app/Contents/Developer/Platforms/MacOSX.platform/Developer/SDKs
DEVELOPER_TOOLS_DIR=/Applications/Xcode.app/Contents/Developer/Tools
DEVELOPER_USR_DIR=/Applications/Xcode.app/Contents/Developer/usr
DEVELOPMENT_ASSET_PATHS=
DEVELOPMENT_LANGUAGE=en
DEVELOPMENT_TEAM=JME5BW3F3R
DEVICE_NAME=My Mac
DIFF=/usr/bin/diff
DOCC_ANALYZE_DIAGNOSTICS=NO
DOCC_ARCHIVE_PATH=/Users/armin/Library/Developer/Xcode/DerivedData/desktoppr-axtrxynqkoynnoaquqnjwetqjqhd/ArchiveIntermediates/desktoppr/InstallationBuildProductsLocation/usr/local/bin/desktoppr.doccarchive
DOCC_CATALOG_DISPLAY_NAME=desktoppr
DOCC_CATALOG_IDENTIFIER=com.scriptingosx.desktoppr
DOCC_CATALOG_VERSION=0.2
DOCC_DIAGNOSTICS_FILE=/Users/armin/Library/Developer/Xcode/DerivedData/desktoppr-axtrxynqkoynnoaquqnjwetqjqhd/ArchiveIntermediates/desktoppr/IntermediateBuildFilesPath/desktoppr.build/Release/desktoppr.build/desktoppr-diagnostics.json
DOCC_EMIT_FIXITS=YES
DOCC_EXEC=docc
DOCC_EXTRACT_EXTENSION_SYMBOLS=YES
DOCC_EXTRACT_OBJC_INFO_FOR_SWIFT_SYMBOLS=NO
DOCC_EXTRACT_SPI_DOCUMENTATION=NO
DOCC_EXTRACT_SWIFT_INFO_FOR_OBJC_SYMBOLS=NO
DOCC_HOSTING_BASE_PATH=
DOCC_IDE_CONSOLE_OUTPUT=YES
DOCC_OUTPUT_DIGEST_INFORMATION=NO
DOCC_OUTPUT_DIR=/Users/armin/Library/Developer/Xcode/DerivedData/desktoppr-axtrxynqkoynnoaquqnjwetqjqhd/ArchiveIntermediates/desktoppr/InstallationBuildProductsLocation/usr/local/bin
DOCC_OUTPUT_NAVIGATOR_INDEX=YES
DOCC_TEMPLATE_PATH=
DOCC_TRANSFORM_FOR_STATIC_HOSTING=YES
DOCUMENTATION_FOLDER_PATH=
DONT_GENERATE_INFOPLIST_FILE=NO
DO_HEADER_SCANNING_IN_JAM=NO
DRIVERKIT_DEPLOYMENT_TARGET=23.0
DSTROOT=/Users/armin/Library/Developer/Xcode/DerivedData/desktoppr-axtrxynqkoynnoaquqnjwetqjqhd/ArchiveIntermediates/desktoppr/InstallationBuildProductsLocation
DSYMUTIL_DSYM_SEARCH_PATHS=
DSYMUTIL_VARIANT_SUFFIX=
DSYMUTIL_VERBOSE=NO
DTRACE_OTHER_FLAGS=
DTRACE_OUTPUT_FILE_TYPE=Header
DT_TOOLCHAIN_DIR=/Applications/Xcode.app/Contents/Developer/Toolchains/XcodeDefault.xctoolchain
DWARF_DSYM_FILE_NAME=desktoppr.dSYM
DWARF_DSYM_FILE_SHOULD_ACCOMPANY_PRODUCT=NO
DWARF_DSYM_FOLDER_PATH=/Users/armin/Library/Developer/Xcode/DerivedData/desktoppr-axtrxynqkoynnoaquqnjwetqjqhd/ArchiveIntermediates/desktoppr/BuildProductsPath/Release
DYLIB_COMPATIBILITY_VERSION=
DYLIB_CURRENT_VERSION=
DYLIB_INSTALL_NAME_BASE=
EAGER_LINKING=NO
EDITOR=/usr/local/bin/bbedit -w --resume
EFFECTIVE_PLATFORM_NAME=
EFFECTIVE_PLATFORM_SUFFIX=os
EFFECTIVE_TOOLCHAINS_DIRS=/Applications/Xcode.app/Contents/Developer/Toolchains/XcodeDefault.xctoolchain
EMBEDDED_CONTENT_CONTAINS_SWIFT=NO
EMBEDDED_PROFILE_NAME=embedded.provisionprofile
EMBED_ASSET_PACKS_IN_PRODUCT_BUNDLE=NO
ENABLE_APPLE_KEXT_CODE_GENERATION=NO
ENABLE_APP_SANDBOX=NO
ENABLE_BITCODE=NO
ENABLE_CODE_COVERAGE=YES
ENABLE_DEFAULT_HEADER_SEARCH_PATHS=YES
ENABLE_DEFAULT_SEARCH_PATHS=YES
ENABLE_HARDENED_RUNTIME=YES
ENABLE_HEADER_DEPENDENCIES=YES
ENABLE_INCREMENTAL_DISTILL=NO
ENABLE_MODULE_VERIFIER=NO
ENABLE_NS_ASSERTIONS=NO
ENABLE_ONLY_ACTIVE_RESOURCES=YES
ENABLE_ON_DEMAND_RESOURCES=NO
ENABLE_PREVIEWS=
ENABLE_SIGNATURE_AGGREGATION=YES
ENABLE_STRICT_OBJC_MSGSEND=YES
ENABLE_TESTABILITY=NO
ENABLE_TESTING_SEARCH_PATHS=NO
ENABLE_USDZ_COMPILATION=NO
ENABLE_USER_SCRIPT_SANDBOXING=NO
ENABLE_USER_SELECTED_FILES=
ENTITLEMENTS_ALLOWED=YES
ENTITLEMENTS_DESTINATION=Signature
ENTITLEMENTS_REQUIRED=YES
EXCLUDED_ARCHS=
EXCLUDED_INSTALLSRC_SUBDIRECTORY_PATTERNS=.DS_Store .svn .git .hg CVS
EXCLUDED_RECURSIVE_SEARCH_PATH_SUBDIRECTORIES=*.nib *.lproj *.framework *.gch *.xcode* *.xcassets (*) .DS_Store CVS .svn .git .hg *.pbproj *.pbxproj
EXCLUDED_SOURCE_FILE_NAMES=
EXECUTABLES_FOLDER_PATH=
EXECUTABLE_EXTENSION=
EXECUTABLE_FOLDER_PATH=
EXECUTABLE_NAME=desktoppr
EXECUTABLE_PATH=desktoppr
EXECUTABLE_PREFIX=
EXECUTABLE_SUFFIX=
EXECUTABLE_VARIANT_SUFFIX=
EXPORTED_SYMBOLS_FILE=
ExpandBuildSettings=
FILE_LIST=/Users/armin/Library/Developer/Xcode/DerivedData/desktoppr-axtrxynqkoynnoaquqnjwetqjqhd/ArchiveIntermediates/desktoppr/IntermediateBuildFilesPath/desktoppr.build/Release/desktoppr.build/Objects/LinkFileList
FIXED_FILES_DIR=/Users/armin/Library/Developer/Xcode/DerivedData/desktoppr-axtrxynqkoynnoaquqnjwetqjqhd/ArchiveIntermediates/desktoppr/IntermediateBuildFilesPath/desktoppr.build/Release/desktoppr.build/FixedFiles
FRAMEWORKS_FOLDER_PATH=
FRAMEWORK_FLAG_PREFIX=-framework
FRAMEWORK_SEARCH_PATHS=
FRAMEWORK_VERSION=A
FULL_PRODUCT_NAME=desktoppr
FUSE_BUILD_PHASES=YES
FUSE_BUILD_SCRIPT_PHASES=NO
GCC3_VERSION=3.3
GCC_CHAR_IS_UNSIGNED_CHAR=NO
GCC_CW_ASM_SYNTAX=YES
GCC_C_LANGUAGE_STANDARD=gnu11
GCC_DEBUG_INFORMATION_FORMAT=dwarf-with-dsym
GCC_DYNAMIC_NO_PIC=NO
GCC_ENABLE_ASM_KEYWORD=YES
GCC_ENABLE_BUILTIN_FUNCTIONS=YES
GCC_ENABLE_CPP_EXCEPTIONS=YES
GCC_ENABLE_CPP_RTTI=YES
GCC_ENABLE_EXCEPTIONS=NO
GCC_ENABLE_FLOATING_POINT_LIBRARY_CALLS=NO
GCC_ENABLE_KERNEL_DEVELOPMENT=NO
GCC_ENABLE_OBJC_EXCEPTIONS=YES
GCC_ENABLE_PASCAL_STRINGS=YES
GCC_ENABLE_SSE3_EXTENSIONS=NO
GCC_ENABLE_SSE41_EXTENSIONS=NO
GCC_ENABLE_SSE42_EXTENSIONS=NO
GCC_ENABLE_SUPPLEMENTAL_SSE3_INSTRUCTIONS=NO
GCC_ENABLE_TRIGRAPHS=NO
GCC_FAST_MATH=NO
GCC_GENERATE_DEBUGGING_SYMBOLS=YES
GCC_GENERATE_TEST_COVERAGE_FILES=NO
GCC_INCREASE_PRECOMPILED_HEADER_SHARING=NO
GCC_INLINES_ARE_PRIVATE_EXTERN=YES
GCC_INPUT_FILETYPE=automatic
GCC_INSTRUMENT_PROGRAM_FLOW_ARCS=NO
GCC_LINK_WITH_DYNAMIC_LIBRARIES=YES
GCC_NO_COMMON_BLOCKS=YES
GCC_OBJC_ABI_VERSION=
GCC_OBJC_LEGACY_DISPATCH=NO
GCC_OPERATION=compile
GCC_OPTIMIZATION_LEVEL=s
GCC_PFE_FILE_C_DIALECTS=c objective-c c++ objective-c++
GCC_PRECOMPILE_PREFIX_HEADER=
GCC_PREFIX_HEADER=
GCC_PREPROCESSOR_DEFINITIONS=
GCC_PREPROCESSOR_DEFINITIONS_NOT_USED_IN_PRECOMPS=
GCC_PRODUCT_TYPE_PREPROCESSOR_DEFINITIONS=
GCC_REUSE_STRINGS=YES
GCC_SHORT_ENUMS=NO
GCC_STRICT_ALIASING=YES
GCC_SYMBOLS_PRIVATE_EXTERN=YES
GCC_THREADSAFE_STATICS=YES
GCC_TREAT_IMPLICIT_FUNCTION_DECLARATIONS_AS_ERRORS=NO
GCC_TREAT_INCOMPATIBLE_POINTER_TYPE_WARNINGS_AS_ERRORS=NO
GCC_TREAT_WARNINGS_AS_ERRORS=NO
GCC_UNROLL_LOOPS=NO
GCC_USE_GCC3_PFE_SUPPORT=
GCC_USE_STANDARD_INCLUDE_SEARCHING=YES
GCC_VERSION=
GCC_VERSION_IDENTIFIER=
GCC_WARN_64_TO_32_BIT_CONVERSION=YES
GCC_WARN_ABOUT_DEPRECATED_FUNCTIONS=YES
GCC_WARN_ABOUT_INVALID_OFFSETOF_MACRO=YES
GCC_WARN_ABOUT_MISSING_FIELD_INITIALIZERS=NO
GCC_WARN_ABOUT_MISSING_NEWLINE=NO
GCC_WARN_ABOUT_MISSING_PROTOTYPES=NO
GCC_WARN_ABOUT_POINTER_SIGNEDNESS=YES
GCC_WARN_ABOUT_RETURN_TYPE=YES_ERROR
GCC_WARN_ALLOW_INCOMPLETE_PROTOCOL=YES
GCC_WARN_CHECK_SWITCH_STATEMENTS=YES
GCC_WARN_FOUR_CHARACTER_CONSTANTS=NO
GCC_WARN_HIDDEN_VIRTUAL_FUNCTIONS=NO
GCC_WARN_INHIBIT_ALL_WARNINGS=NO
GCC_WARN_INITIALIZER_NOT_FULLY_BRACKETED=NO
GCC_WARN_MISSING_PARENTHESES=YES
GCC_WARN_MULTIPLE_DEFINITION_TYPES_FOR_SELECTOR=NO
GCC_WARN_NON_VIRTUAL_DESTRUCTOR=NO
GCC_WARN_PEDANTIC=NO
GCC_WARN_SHADOW=NO
GCC_WARN_SIGN_COMPARE=NO
GCC_WARN_STRICT_SELECTOR_MATCH=NO
GCC_WARN_TYPECHECK_CALLS_TO_PRINTF=YES
GCC_WARN_UNDECLARED_SELECTOR=YES
GCC_WARN_UNINITIALIZED_AUTOS=YES_AGGRESSIVE
GCC_WARN_UNKNOWN_PRAGMAS=NO
GCC_WARN_UNUSED_FUNCTION=YES
GCC_WARN_UNUSED_LABEL=NO
GCC_WARN_UNUSED_PARAMETER=NO
GCC_WARN_UNUSED_VALUE=YES
GCC_WARN_UNUSED_VARIABLE=YES
GENERATED_MODULEMAP_DIR=/Users/armin/Library/Developer/Xcode/DerivedData/desktoppr-axtrxynqkoynnoaquqnjwetqjqhd/ArchiveIntermediates/desktoppr/IntermediateBuildFilesPath/GeneratedModuleMaps
GENERATE_INFOPLIST_FILE=NO
GENERATE_INTERMEDIATE_TEXT_BASED_STUBS=YES
GENERATE_MASTER_OBJECT_FILE=NO
GENERATE_PKGINFO_FILE=NO
GENERATE_PROFILING_CODE=NO
GENERATE_TEXT_BASED_STUBS=NO
GLOBAL_CFLAGS=
GROUP=staff
GeneratedPkgInfoFile=
HEADERMAP_FILE_FORMAT=traditional
HEADERMAP_INCLUDES_FLAT_ENTRIES_FOR_TARGET_BEING_BUILT=YES
HEADERMAP_INCLUDES_FRAMEWORK_ENTRIES_FOR_ALL_PRODUCT_TYPES=YES
HEADERMAP_INCLUDES_NONPUBLIC_NONPRIVATE_HEADERS=YES
HEADERMAP_INCLUDES_PROJECT_HEADERS=YES
HEADERMAP_USES_FRAMEWORK_PREFIX_ENTRIES=YES
HEADERMAP_USES_VFS=NO
HEADER_SEARCH_PATHS=
HIDE_BITCODE_SYMBOLS=YES
HOME=/Users/armin
HOST_ARCH=arm64e
IBC_COMPILATION_MODE_FOR_IOS=
IBC_COMPILER_AUTO_ACTIVATE_CUSTOM_FONTS=YES
IBC_COMPILER_USE_NIBKEYEDARCHIVER_FOR_MACOS=NO
IBC_ERRORS=YES
IBC_EXEC=ibtool
IBC_FLATTEN_NIBS=YES
IBC_MODULE=desktoppr
IBC_NOTICES=YES
IBC_OTHER_FLAGS=
IBC_OVERRIDING_PLUGINS_AND_FRAMEWORKS_DIR=
IBC_PLUGINS=
IBC_PLUGIN_SEARCH_PATHS=
IBC_REGIONS_AND_STRINGS_FILES=
IBC_STRIP_NIBS=YES
IBC_WARNINGS=YES
IBSC_COMPILATION_MODE_FOR_IOS=
IBSC_COMPILER_AUTO_ACTIVATE_CUSTOM_FONTS=YES
IBSC_COMPILER_USE_NIBKEYEDARCHIVER_FOR_MACOS=NO
IBSC_ERRORS=YES
IBSC_FLATTEN_NIBS=YES
IBSC_MODULE=desktoppr
IBSC_NOTICES=YES
IBSC_OTHER_FLAGS=
IBSC_REGIONS_AND_STRINGS_FILES=
IBSC_STRIP_NIBS=YES
IBSC_WARNINGS=YES
ICONV=/usr/bin/iconv
IIG_CXX_LANGUAGE_STANDARD=gnu++14
IIG_DERIVED_FILE_DIR=/Users/armin/Library/Developer/Xcode/DerivedData/desktoppr-axtrxynqkoynnoaquqnjwetqjqhd/ArchiveIntermediates/desktoppr/IntermediateBuildFilesPath/desktoppr.build/Release/desktoppr.build/DerivedSources/desktoppr
IIG_EXEC=iig
IIG_FRAMEWORK_NAME=desktoppr
IIG_HEADERS_DIR=/Users/armin/Library/Developer/Xcode/DerivedData/desktoppr-axtrxynqkoynnoaquqnjwetqjqhd/ArchiveIntermediates/desktoppr/IntermediateBuildFilesPath/desktoppr.build/Release/desktoppr.build/DerivedSources/desktoppr
IIG_IMPLEMENTATION_DIR=/Users/armin/Library/Developer/Xcode/DerivedData/desktoppr-axtrxynqkoynnoaquqnjwetqjqhd/ArchiveIntermediates/desktoppr/IntermediateBuildFilesPath/desktoppr.build/Release/desktoppr.build/DerivedSources/desktoppr
IIG_PREPROCESSOR_DEFINITIONS=__IIG=1
INCLUDED_RECURSIVE_SEARCH_PATH_SUBDIRECTORIES=
INCLUDED_SOURCE_FILE_NAMES=
INDEX_DATA_STORE_DIR=/Users/armin/Library/Developer/Xcode/DerivedData/desktoppr-axtrxynqkoynnoaquqnjwetqjqhd/Index.noindex/DataStore
INDEX_ENABLE_DATA_STORE=NO
INDEX_PRECOMPS_DIR=/Users/armin/Library/Developer/Xcode/DerivedData/desktoppr-axtrxynqkoynnoaquqnjwetqjqhd/Index.noindex/PrecompiledHeaders
INFOPLIST_ENABLE_CFBUNDLEICONS_MERGE=YES
INFOPLIST_EXPAND_BUILD_SETTINGS=YES
INFOPLIST_FILE=/Users/armin/BTSync/Work/Projects/desktoppr/desktoppr/Info.plist
INFOPLIST_KEY_CFBundleDisplayName=
INFOPLIST_KEY_CLKComplicationPrincipalClass=
INFOPLIST_KEY_LSApplicationCategoryType=
INFOPLIST_KEY_LSBackgroundOnly=
INFOPLIST_KEY_LSSupportsOpeningDocumentsInPlace=
INFOPLIST_KEY_LSUIElement=
INFOPLIST_KEY_MetalCaptureEnabled=
INFOPLIST_KEY_NFCReaderUsageDescription=
INFOPLIST_KEY_NSAppleEventsUsageDescription=
INFOPLIST_KEY_NSAppleMusicUsageDescription=
INFOPLIST_KEY_NSBluetoothAlwaysUsageDescription=
INFOPLIST_KEY_NSBluetoothPeripheralUsageDescription=
INFOPLIST_KEY_NSBluetoothWhileInUseUsageDescription=
INFOPLIST_KEY_NSCalendarsUsageDescription=
INFOPLIST_KEY_NSCameraUsageDescription=
INFOPLIST_KEY_NSContactsUsageDescription=
INFOPLIST_KEY_NSDesktopFolderUsageDescription=
INFOPLIST_KEY_NSDocumentsFolderUsageDescription=
INFOPLIST_KEY_NSDownloadsFolderUsageDescription=
INFOPLIST_KEY_NSFaceIDUsageDescription=
INFOPLIST_KEY_NSFallDetectionUsageDescription=
INFOPLIST_KEY_NSFileProviderDomainUsageDescription=
INFOPLIST_KEY_NSFileProviderPresenceUsageDescription=
INFOPLIST_KEY_NSFocusStatusUsageDescription=
INFOPLIST_KEY_NSGKFriendListUsageDescription=
INFOPLIST_KEY_NSHealthClinicalHealthRecordsShareUsageDescription=
INFOPLIST_KEY_NSHealthShareUsageDescription=
INFOPLIST_KEY_NSHealthUpdateUsageDescription=
INFOPLIST_KEY_NSHomeKitUsageDescription=
INFOPLIST_KEY_NSHumanReadableCopyright=
INFOPLIST_KEY_NSLocalNetworkUsageDescription=
INFOPLIST_KEY_NSLocationAlwaysAndWhenInUseUsageDescription=
INFOPLIST_KEY_NSLocationAlwaysUsageDescription=
INFOPLIST_KEY_NSLocationTemporaryUsageDescriptionDictionary=
INFOPLIST_KEY_NSLocationUsageDescription=
INFOPLIST_KEY_NSLocationWhenInUseUsageDescription=
INFOPLIST_KEY_NSMainNibFile=
INFOPLIST_KEY_NSMainStoryboardFile=
INFOPLIST_KEY_NSMicrophoneUsageDescription=
INFOPLIST_KEY_NSMotionUsageDescription=
INFOPLIST_KEY_NSNearbyInteractionAllowOnceUsageDescription=
INFOPLIST_KEY_NSNearbyInteractionUsageDescription=
INFOPLIST_KEY_NSNetworkVolumesUsageDescription=
INFOPLIST_KEY_NSPhotoLibraryAddUsageDescription=
INFOPLIST_KEY_NSPhotoLibraryUsageDescription=
INFOPLIST_KEY_NSPrincipalClass=
INFOPLIST_KEY_NSRemindersUsageDescription=
INFOPLIST_KEY_NSRemovableVolumesUsageDescription=
INFOPLIST_KEY_NSSensorKitPrivacyPolicyURL=
INFOPLIST_KEY_NSSensorKitUsageDescription=
INFOPLIST_KEY_NSSiriUsageDescription=
INFOPLIST_KEY_NSSpeechRecognitionUsageDescription=
INFOPLIST_KEY_NSStickerSharingLevel=
INFOPLIST_KEY_NSSupportsLiveActivities=
INFOPLIST_KEY_NSSupportsLiveActivitiesFrequentUpdates=
INFOPLIST_KEY_NSSystemAdministrationUsageDescription=
INFOPLIST_KEY_NSSystemExtensionUsageDescription=
INFOPLIST_KEY_NSUserTrackingUsageDescription=
INFOPLIST_KEY_NSVideoSubscriberAccountUsageDescription=
INFOPLIST_KEY_NSVoIPUsageDescription=
INFOPLIST_KEY_OSBundleUsageDescription=
INFOPLIST_KEY_UIApplicationSceneManifest_Generation=
INFOPLIST_KEY_UIApplicationSupportsIndirectInputEvents=
INFOPLIST_KEY_UILaunchScreen_Generation=
INFOPLIST_KEY_UILaunchStoryboardName=
INFOPLIST_KEY_UIMainStoryboardFile=
INFOPLIST_KEY_UIRequiresFullScreen=
INFOPLIST_KEY_UIStatusBarHidden=
INFOPLIST_KEY_UIStatusBarStyle=
INFOPLIST_KEY_UISupportsDocumentBrowser=
INFOPLIST_KEY_UIUserInterfaceStyle=
INFOPLIST_KEY_WKCompanionAppBundleIdentifier=
INFOPLIST_KEY_WKExtensionDelegateClassName=
INFOPLIST_KEY_WKRunsIndependentlyOfCompanionApp=
INFOPLIST_KEY_WKWatchOnly=
INFOPLIST_OTHER_PREPROCESSOR_FLAGS=
INFOPLIST_OUTPUT_FORMAT=same-as-input
INFOPLIST_PATH=
INFOPLIST_PREFIX_HEADER=
INFOPLIST_PREPROCESS=NO
INFOPLIST_PREPROCESSOR_DEFINITIONS=
INFOSTRINGS_PATH=
INIT_ROUTINE=
INLINE_PRIVATE_FRAMEWORKS=NO
INSTALLHDRS_COPY_PHASE=NO
INSTALLHDRS_SCRIPT_PHASE=NO
INSTALL_DIR=/Users/armin/Library/Developer/Xcode/DerivedData/desktoppr-axtrxynqkoynnoaquqnjwetqjqhd/ArchiveIntermediates/desktoppr/InstallationBuildProductsLocation/usr/local/bin
INSTALL_GROUP=staff
INSTALL_MODE_FLAG=u+w,go-w,a+rX
INSTALL_OWNER=armin
INSTALL_PATH=/usr/local/bin
INSTALL_ROOT=/Users/armin/Library/Developer/Xcode/DerivedData/desktoppr-axtrxynqkoynnoaquqnjwetqjqhd/ArchiveIntermediates/desktoppr/InstallationBuildProductsLocation
INSTRUMENTS_PACKAGE_BUILDER=instrumentbuilder
INSTRUMENTS_PACKAGE_BUILDER_DEPENDENCY_INFO_FILE=/Users/armin/Library/Developer/Xcode/DerivedData/desktoppr-axtrxynqkoynnoaquqnjwetqjqhd/ArchiveIntermediates/desktoppr/IntermediateBuildFilesPath/desktoppr.build/Release/desktoppr.build/instruments-package-builder.dependencies
INSTRUMENTS_PACKAGE_BUILDER_LINKED_PACKAGES=
INSTRUMENTS_PACKAGE_BUILDER_NO_SYSTEM_SEARCH=NO
INSTRUMENTS_PACKAGE_BUILDER_SEARCH_PATHS=/Users/armin/Library/Developer/Xcode/DerivedData/desktoppr-axtrxynqkoynnoaquqnjwetqjqhd/ArchiveIntermediates/desktoppr/BuildProductsPath/Release
INSTRUMENTS_PACKAGE_BUILDER_VERSION_OVERRIDE=
INTENTS_CODEGEN_LANGUAGE=Automatic
IOS_UNZIPPERED_TWIN_PREFIX_PATH=/System/iOSSupport
IPHONEOS_DEPLOYMENT_TARGET=17.0
IS_MACCATALYST=NO
IS_UIKITFORMAC=NO
InfoPlistPath=
JAVAC_DEFAULT_FLAGS=-J-Xms64m -J-XX:NewSize=4M -J-Dfile.encoding=UTF8
JAVA_APP_STUB=/System/Library/Frameworks/JavaVM.framework/Resources/MacOS/JavaApplicationStub
JAVA_ARCHIVE_CLASSES=YES
JAVA_ARCHIVE_TYPE=JAR
JAVA_COMPILER=/usr/bin/javac
JAVA_FOLDER_PATH=
JAVA_FRAMEWORK_JARS=
JAVA_FRAMEWORK_RESOURCES_DIRS=Resources
JAVA_JAR_FLAGS=cv
JAVA_SOURCE_SUBDIR=.
JAVA_USE_DEPENDENCIES=YES
JAVA_ZIP_FLAGS=-urg
JIKES_DEFAULT_FLAGS=+E +OLDCSO
KASAN_CFLAGS_CLASSIC=-DKASAN=1 -DKASAN_CLASSIC=1 -fsanitize=address -mllvm -asan-globals-live-support -mllvm -asan-force-dynamic-shadow
KASAN_CFLAGS_TBI=-DKASAN=1 -DKASAN_TBI=1 -fsanitize=kernel-hwaddress -mllvm -hwasan-recover=0 -mllvm -hwasan-instrument-atomics=0 -mllvm -hwasan-instrument-stack=1 -mllvm -hwasan-generate-tags-with-calls=1 -mllvm -hwasan-instrument-with-calls=1 -mllvm -hwasan-use-short-granules=0 -mllvm -hwasan-memory-access-callback-prefix=__asan_
KASAN_DEFAULT_CFLAGS=-DKASAN=1 -DKASAN_CLASSIC=1 -fsanitize=address -mllvm -asan-globals-live-support -mllvm -asan-force-dynamic-shadow
KEEP_PRIVATE_EXTERNS=NO
KERNEL_EXTENSION_HEADER_SEARCH_PATHS=/PrivateHeaders 
KEXT_CFLAGS=
KEXT_CPLUSPLUSFLAGS=
LAUNCH_CONSTRAINT_PARENT=
LAUNCH_CONSTRAINT_RESPONSIBLE=
LAUNCH_CONSTRAINT_SELF=
LC_CTYPE=UTF-8
LD_BITCODE_GENERATION_MODE=bitcode
LD_DEBUG_VARIANT=YES
LD_DEPENDENCY_INFO_FILE=/undefined_arch/desktoppr_dependency_info.dat
LD_DETERMINISTIC_MODE=YES
LD_DONT_RUN_DEDUPLICATION=YES
LD_DYLIB_ALLOWABLE_CLIENTS=
LD_DYLIB_INSTALL_NAME=
LD_ENTITLEMENTS_SECTION=
LD_ENTITLEMENTS_SECTION_DER=
LD_ENTRY_POINT=
LD_EXPORT_GLOBAL_SYMBOLS=NO
LD_EXPORT_SYMBOLS=YES
LD_FINAL_OUTPUT_FILE=/usr/local/bin/desktoppr
LD_FLAGS=
LD_GENERATE_BITCODE_SYMBOL_MAP=YES
LD_GENERATE_MAP_FILE=NO
LD_HIDE_BITCODE_SYMBOLS=YES
LD_LTO_OBJECT_FILE=/undefined_arch/desktoppr_lto.o
LD_MAKE_MERGEABLE=NO
LD_MAP_FILE_PATH=/Users/armin/Library/Developer/Xcode/DerivedData/desktoppr-axtrxynqkoynnoaquqnjwetqjqhd/ArchiveIntermediates/desktoppr/IntermediateBuildFilesPath/desktoppr.build/Release/desktoppr.build/desktoppr-LinkMap-normal-undefined_arch.txt
LD_NO_PIE=NO
LD_OBJC_ABI_VERSION=
LD_OPTIMIZATION_LEVEL=s
LD_QUOTE_LINKER_ARGUMENTS_FOR_COMPILER_DRIVER=YES
LD_RUNPATH_SEARCH_PATHS=
LD_TARGET_TRIPLE_ARCHS=undefined_arch
LD_THREAD_SANITIZER=
LD_VERIFY_BITCODE=YES
LEGACY_DEVELOPER_DIR=/Applications/Xcode.app/Contents/Frameworks/Xcode3Core.framework/SharedSupport/Developer
LEX=lex
LEXFLAGS=
LEX_CASE_INSENSITIVE_SCANNER=NO
LEX_INSERT_LINE_DIRECTIVES=YES
LEX_SUPPRESS_DEFAULT_RULE=NO
LEX_SUPPRESS_WARNINGS=NO
LIBRARY_DEXT_INSTALL_PATH=/Library/DriverExtensions
LIBRARY_FLAG_NOSPACE=YES
LIBRARY_FLAG_PREFIX=-l
LIBRARY_KEXT_INSTALL_PATH=/Library/Extensions
LIBRARY_LOAD_CONSTRAINT=
LIBRARY_SEARCH_PATHS=
LIBTOOL=libtool
LIBTOOL_DEPENDENCY_INFO_FILE=/undefined_arch/desktoppr_libtool_dependency_info.dat
LIBTOOL_DEPLOYMENT_TARGET=10.13
LIBTOOL_DETERMINISTIC_MODE=YES
LINKER_DISPLAYS_MANGLED_NAMES=NO
LINKER_LIBRARY_FLAGS=
LINK_WITH_STANDARD_LIBRARIES=YES
LLVM_IMPLICIT_AGGRESSIVE_OPTIMIZATIONS=NO
LLVM_LTO=NO
LLVM_OPTIMIZATION_LEVEL_VAL_0=NO
LLVM_OPTIMIZATION_LEVEL_VAL_1=NO
LLVM_OPTIMIZATION_LEVEL_VAL_2=NO
LLVM_OPTIMIZATION_LEVEL_VAL_3=NO
LLVM_OPTIMIZATION_LEVEL_VAL_fast=YES
LLVM_OPTIMIZATION_LEVEL_VAL_s=NO
LLVM_OPTIMIZATION_LEVEL_VAL_z=NO
LLVM_TARGET_TRIPLE_OS_VERSION=macos10.13
LLVM_TARGET_TRIPLE_OS_VERSION_NO=macos10.13
LLVM_TARGET_TRIPLE_OS_VERSION_YES=macos14.0
LLVM_TARGET_TRIPLE_SUFFIX=
LLVM_TARGET_TRIPLE_VENDOR=apple
LM_AUX_CONST_METADATA_FILES=
LM_BINARY_PATH=
LM_COMPILE_TIME_EXTRACTION=YES
LM_DEPENDENCY_FILES=
LM_ENABLE_APP_NAME_OVERRIDE=NO
LM_ENABLE_LINK_GENERATION=YES
LM_ENABLE_STRING_VALIDATION=YES
LM_FORCE_LINK_GENERATION=NO
LM_IGNORE_QUERY_GENERICS_ERRORS=NO
LM_LEGACY_EXTRACTION_OVERRIDE=YES
LM_SOURCE_FILES=
LM_STRINGSDATA_FILES=
LOCALIZABLE_CONTENT_DIR=
LOCALIZATION_EXPORT_SUPPORTED=YES
LOCALIZATION_PREFERS_STRING_CATALOGS=NO
LOCALIZED_RESOURCES_FOLDER_PATH=
LOCALIZED_STRING_MACRO_NAMES=NSLocalizedString CFCopyLocalizedString
LOCALIZED_STRING_SWIFTUI_SUPPORT=YES
LOCAL_ADMIN_APPS_DIR=/Applications/Utilities
LOCAL_APPS_DIR=/Applications
LOCAL_DEVELOPER_DIR=/Library/Developer
LOCAL_DEVELOPER_EXECUTABLES_DIR=
LOCAL_LIBRARY_DIR=/Library
LOCROOT=
LOCSYMROOT=
LOGNAME=
MACH_O_TYPE=mh_execute
MACOSX_DEPLOYMENT_TARGET=10.13
MACOS_CREATOR=
MACOS_CREATOR_ARG=
MACOS_TYPE=
MACOS_TYPE_ARG=
MAC_OS_X_PRODUCT_BUILD_VERSION=23B81
MAC_OS_X_VERSION_ACTUAL=140101
MAC_OS_X_VERSION_MAJOR=140000
MAC_OS_X_VERSION_MAX_ALLOWED=
MAC_OS_X_VERSION_MINOR=140100
MAC_OS_X_VERSION_MIN_REQUIRED=
MAKE_MERGEABLE=NO
MANPATH=/Applications/Xcode.app/Contents/Developer/Platforms/MacOSX.platform/Developer/SDKs/MacOSX.sdk/usr/share/man:/Applications/Xcode.app/Contents/Developer/Platforms/MacOSX.platform/usr/share/man:/Applications/Xcode.app/Contents/Developer/usr/share/man:/Applications/Xcode.app/Contents/Developer/Toolchains/XcodeDefault.xctoolchain/usr/share/man:
MAPC_MODULE=desktoppr
MAPC_NO_WARNINGS=NO
MARKETING_VERSION=
MERGEABLE_LIBRARY=NO
MERGED_BINARY_TYPE=none
MERGE_LINKED_LIBRARIES=NO
MESSAGES_APPLICATION_EXTENSION_SUPPORT_FOLDER_PATH=/Users/armin/Library/Developer/Xcode/DerivedData/desktoppr-axtrxynqkoynnoaquqnjwetqjqhd/ArchiveIntermediates/desktoppr/BuildProductsPath/MessagesApplicationExtensionSupport
MESSAGES_APPLICATION_SUPPORT_FOLDER_PATH=/Users/armin/Library/Developer/Xcode/DerivedData/desktoppr-axtrxynqkoynnoaquqnjwetqjqhd/ArchiveIntermediates/desktoppr/BuildProductsPath/MessagesApplicationSupport
METAL_LIBRARY_FILE_BASE=default
METAL_LIBRARY_OUTPUT_DIR=/Users/armin/Library/Developer/Xcode/DerivedData/desktoppr-axtrxynqkoynnoaquqnjwetqjqhd/ArchiveIntermediates/desktoppr/InstallationBuildProductsLocation/usr/local/bin/
MIG_DEPLOYMENT_TARGET=10.13
MIG_EXEC=mig
MODULEMAP_FILE=
MODULEMAP_PRIVATE_FILE=
MODULES_FOLDER_PATH=
MODULES_VERIFIER_EXEC=modules-verifier
MODULE_CACHE_DIR=/Users/armin/Library/Developer/Xcode/DerivedData/ModuleCache.noindex
MODULE_NAME=
MODULE_START=
MODULE_STOP=
MODULE_VERIFIER_LSV=NO
MODULE_VERIFIER_SUPPORTED_LANGUAGES=
MODULE_VERIFIER_SUPPORTED_LANGUAGE_STANDARDS=
MODULE_VERIFIER_TARGET_TRIPLE_ARCHS=arm64 x86_64
MODULE_VERIFIER_VERBOSE=NO
MODULE_VERSION=
MOMC_MODULE=desktoppr
MOMC_NO_DELETE_RULE_WARNINGS=NO
MOMC_NO_INVERSE_RELATIONSHIP_WARNINGS=NO
MOMC_NO_MAX_PROPERTY_COUNT_WARNINGS=NO
MOMC_NO_WARNINGS=NO
MOMC_OUTPUT_SUFFIX=
MOMC_OUTPUT_SUFFIX__xcdatamodel=.mom
MOMC_OUTPUT_SUFFIX__xcdatamodeld=.momd
MOMC_SUPPRESS_INVERSE_TRANSIENT_ERROR=NO
MTLCOMPILER_DEPENDENCY_INFO_FILE=
MTLCOMPILER_OUTPUT_FILE=
MTLLINKER_ALTERNATE_LINKER=
MTLLINKER_INCLUDE_SOURCE=
MTLLINKER_OUTPUT_FILE=
MTLLINKER_TARGET_TRIPLE=
MTL_ENABLE_DEBUG_INFO=NO
MTL_ENABLE_INDEX_STORE=
MTL_ENABLE_MODULES=
MTL_FAST_MATH=
MTL_FRAMEWORK_SEARCH_PATH_BUILT_PRODUCTS_DIR=
MTL_HEADER_SEARCH_PATH_BUILT_PRODUCTS_DIR=
MTL_IGNORE_WARNINGS=
MTL_INDEX_STORE_PATH=
MTL_LANGUAGE_REVISION=
MTL_LANGUAGE_REVISION_dialect=
MTL_LANGUAGE_REVISION_dialect_macosx=
MTL_LANGUAGE_REVISION_optgen=
MTL_OPTIMIZATION_LEVEL=
MTL_TARGET_TRIPLE=
MTL_TREAT_WARNINGS_AS_ERRORS=
NASM_OTHER_FLAGS=
NASM_OUTPUT_FILE_FORMAT=macho
NASM_PREINCLUDE_FILE=
NATIVE_ARCH=arm64e
NATIVE_ARCH_32_BIT=i386
NATIVE_ARCH_64_BIT=arm64e
NATIVE_ARCH_ACTUAL=arm64e
NO_COMMON=YES
OBJECT_FILE_DIR=/Users/armin/Library/Developer/Xcode/DerivedData/desktoppr-axtrxynqkoynnoaquqnjwetqjqhd/ArchiveIntermediates/desktoppr/IntermediateBuildFilesPath/desktoppr.build/Release/desktoppr.build/Objects
OBJROOT=/Users/armin/Library/Developer/Xcode/DerivedData/desktoppr-axtrxynqkoynnoaquqnjwetqjqhd/ArchiveIntermediates/desktoppr/IntermediateBuildFilesPath
OLDPWD=/private/var/folders/6c/4zxbd4tj1bx5rm_9tfnkdbp40000gn/T
ONLY_ACTIVE_ARCH=NO
OPENCLC=/System/Library/Frameworks/OpenCL.framework/Libraries/openclc
OPENCL_ARCHS=i386 x86_64 gpu_32 gpu_64
OPENCL_AUTO_VECTORIZE_ENABLE=YES
OPENCL_COMPILER_VERSION=CL1.1
OPENCL_DENORMS_ARE_ZERO=NO
OPENCL_DOUBLE_AS_SINGLE=NO
OPENCL_FAST_RELAXED_MATH=NO
OPENCL_MAD_ENABLE=NO
OPENCL_OPTIMIZATION_LEVEL=s
OPTIMIZATION_CFLAGS=
ORDER_FILE=
OS=MACOS
OSAC=/usr/bin/osacompile
OSACOMPILE_EXECUTE_ONLY=NO
OTHER_CLANG_MODULES_VERIFIER_FLAGS=
OTHER_CODE_SIGN_FLAGS=
OTHER_CPLUSPLUSFLAGS=
OTHER_IIG_CFLAGS=
OTHER_IIG_FLAGS=
OTHER_LDFLAGS=
OTHER_LDRFLAGS=
OTHER_LIBTOOLFLAGS=
OTHER_MIGFLAGS=
OTHER_MODULE_VERIFIER_FLAGS=
OTHER_OSACOMPILEFLAGS=
OTHER_OSAFLAGS=
OTHER_PRECOMP_CFLAGS=
OTHER_RCPROJECT_FLAGS=
OTHER_REALITYASSET_FLAGS=
OTHER_RESMERGERFLAGS=
OTHER_REZFLAGS=
OTHER_SKYBOX_FLAGS=
OTHER_SWIFT_STDLIB_TOOL_FLAGS=
OTHER_TAPI_FLAGS=
OTHER_USDZ_FLAGS=
OutputFormat=
PACKAGE_TYPE=com.apple.package-type.mach-o-executable
PASCAL_STRINGS=YES
PATH=/Applications/Xcode.app/Contents/Developer/usr/bin:/usr/local/bin:/usr/bin:/bin:/usr/sbin:/sbin
PATH_PREFIXES_EXCLUDED_FROM_HEADER_DEPENDENCIES=/usr/include /usr/local/include /System/Library/Frameworks /System/Library/PrivateFrameworks /Applications/Xcode.app/Contents/Developer/Headers /Applications/Xcode.app/Contents/Developer/SDKs /Applications/Xcode.app/Contents/Developer/Platforms
PBDEVELOPMENTPLIST_PATH=
PBXCP_BITCODE_STRIP_MODE=
PBXCP_BITCODE_STRIP_TOOL=
PBXCP_EXCLUDE_SUBPATHS=
PBXCP_IGNORE_MISSING_INPUTS=NO
PBXCP_INCLUDE_ONLY_SUBPATHS=
PBXCP_STRIP_BITCODE=NO
PBXCP_STRIP_SUBPATHS=
PBXCP_STRIP_TOOL=
PBXCP_STRIP_UNSIGNED_BINARIES=NO
PER_STYLE_BUILD_DIRECTORIES=
PFE_FILE_C_DIALECTS=
PKGINFO_PATH=
PLATFORM_DEVELOPER_APPLICATIONS_DIR=/Applications/Xcode.app/Contents/Developer/Applications
PLATFORM_DEVELOPER_BIN_DIR=/Applications/Xcode.app/Contents/Developer/usr/bin
PLATFORM_DEVELOPER_LIBRARY_DIR=/Applications/Xcode.app/Contents/Developer/Library
PLATFORM_DEVELOPER_SDK_DIR=/Applications/Xcode.app/Contents/Developer/Platforms/MacOSX.platform/Developer/SDKs
PLATFORM_DEVELOPER_TOOLS_DIR=/Applications/Xcode.app/Contents/Developer/Tools
PLATFORM_DEVELOPER_USR_DIR=/Applications/Xcode.app/Contents/Developer/usr
PLATFORM_DIR=/Applications/Xcode.app/Contents/Developer/Platforms/MacOSX.platform
PLATFORM_DISPLAY_NAME=macOS
PLATFORM_NAME=macosx
PLATFORM_PREFERRED_ARCH=undefined_arch
PLIST_FILE_OUTPUT_FORMAT=same-as-input
PLUGINS_FOLDER_PATH=
PRECOMPILE_PREFIX_HEADER=
PRECOMPS_INCLUDE_HEADERS_FROM_BUILT_PRODUCTS_DIR=YES
PRECOMP_DESTINATION_DIR=/Users/armin/Library/Developer/Xcode/DerivedData/desktoppr-axtrxynqkoynnoaquqnjwetqjqhd/ArchiveIntermediates/desktoppr/IntermediateBuildFilesPath/desktoppr.build/Release/desktoppr.build/PrefixHeaders
PREFIX_CFLAG_BASE=
PREFIX_FLAGS=
PREFIX_HEADER=
PREFIX_REFERENCE=
PRELINK_FLAGS=
PRELINK_LIBS=
PRESERVE_DEAD_CODE_INITS_AND_TERMS=NO
PRIVATE_HEADERS_FOLDER_PATH=
PRODUCT_BUNDLE_IDENTIFIER=com.scriptingosx.desktoppr
PRODUCT_DEFINITION_PLIST=
PRODUCT_MODULE_NAME=desktoppr
PRODUCT_NAME=desktoppr
PRODUCT_TYPE=com.apple.product-type.tool
PRODUCT_TYPE_SWIFT_STDLIB_TOOL_FLAGS=
PROFILING_CODE=NO
PROJECT=desktoppr
PROJECT_DERIVED_FILE_DIR=/Users/armin/Library/Developer/Xcode/DerivedData/desktoppr-axtrxynqkoynnoaquqnjwetqjqhd/ArchiveIntermediates/desktoppr/IntermediateBuildFilesPath/desktoppr.build/DerivedSources
PROJECT_DIR=/Users/armin/BTSync/Work/Projects/desktoppr
PROJECT_FILE_PATH=/Users/armin/BTSync/Work/Projects/desktoppr/desktoppr.xcodeproj
PROJECT_NAME=desktoppr
PROJECT_TEMP_DIR=/Users/armin/Library/Developer/Xcode/DerivedData/desktoppr-axtrxynqkoynnoaquqnjwetqjqhd/ArchiveIntermediates/desktoppr/IntermediateBuildFilesPath/desktoppr.build
PROJECT_TEMP_ROOT=/Users/armin/Library/Developer/Xcode/DerivedData/desktoppr-axtrxynqkoynnoaquqnjwetqjqhd/ArchiveIntermediates/desktoppr/IntermediateBuildFilesPath
PROVISIONING_PROFILE=
PROVISIONING_PROFILE_DESTINATION_PATH=/Users/armin/Library/Developer/Xcode/DerivedData/desktoppr-axtrxynqkoynnoaquqnjwetqjqhd/ArchiveIntermediates/desktoppr/InstallationBuildProductsLocation/usr/local/bin/
PROVISIONING_PROFILE_SPECIFIER=
PUBLIC_HEADERS_FOLDER_PATH=
PWD=/private/var/folders/6c/4zxbd4tj1bx5rm_9tfnkdbp40000gn/T
RCPROJECT_CODEGEN_LANGUAGE=Swift
RCPROJECT_CODEGEN_SWIFT_VERSION=4.2
RCPROJECT_ENABLE_WARNINGS=Yes
REALITYASSET_DEPLOYMENT_TARGET=10.13
REALITYASSET_ENABLE_WARNINGS=Yes
RECURSIVE_SEARCH_PATHS_FOLLOW_SYMLINKS=YES
REMOVE_CVS_FROM_RESOURCES=YES
REMOVE_GIT_FROM_RESOURCES=YES
REMOVE_HEADERS_FROM_EMBEDDED_BUNDLES=YES
REMOVE_HEADER_DIRECTORIES=NO
REMOVE_HG_FROM_RESOURCES=YES
REMOVE_STATIC_EXECUTABLES_FROM_EMBEDDED_BUNDLES=YES
REMOVE_SVN_FROM_RESOURCES=YES
RESMERGER_SOURCES_FORK=auto
RESOURCES_PLATFORM_NAME=
RESOURCES_UI_FRAMEWORK_FAMILY=
RESOURCE_RULES_PLIST_PATH=
RETAIN_RAW_BINARIES=
REZ_COLLECTOR_DIR=/Users/armin/Library/Developer/Xcode/DerivedData/desktoppr-axtrxynqkoynnoaquqnjwetqjqhd/ArchiveIntermediates/desktoppr/IntermediateBuildFilesPath/desktoppr.build/Release/desktoppr.build/ResourceManagerResources
REZ_EXECUTABLE=YES
REZ_OBJECTS_DIR=/Users/armin/Library/Developer/Xcode/DerivedData/desktoppr-axtrxynqkoynnoaquqnjwetqjqhd/ArchiveIntermediates/desktoppr/IntermediateBuildFilesPath/desktoppr.build/Release/desktoppr.build/ResourceManagerResources/Objects
REZ_PREFIX_FILE=
REZ_PREPROCESSOR_DEFINITIONS=
REZ_PREPROCESSOR_UNDEFINITIONS=
REZ_RESOLVE_ALIASES=Always
REZ_RESOURCE_MAP_READ_ONLY=NO
REZ_SCRIPT_TYPE=Roman
REZ_SEARCH_PATHS=
REZ_SHOW_DEBUG_OUTPUT=NO
REZ_SUPPRESS_REDECLARED_RESOURCE_TYPE_WARNINGS=NO
RUN_CLANG_STATIC_ANALYZER=NO
RUN_DESTINATION_DEVICE_MODEL=Mac14,2
RUN_DESTINATION_DEVICE_NAME=My Mac
RUN_DESTINATION_DEVICE_OS_VERSION=14.1.1
RUN_DESTINATION_DEVICE_PLATFORM_IDENTIFIER=com.apple.platform.macosx
RUN_DESTINATION_DEVICE_PLATFORM_NAME=macosx
RUN_DESTINATION_DEVICE_UDID=00008112-0001504026F9401E
RUN_DOCUMENTATION_COMPILER=NO
RemoveFile=
SCAN_ALL_SOURCE_FILES_FOR_INCLUDES=NO
SCENEKIT_DEPLOYMENT_TARGET=10.13
SCHEME_ACTION_NAME=Run Script
SCHEME_NAME=desktoppr
SCRIPTS_FOLDER_PATH=
SDKDB_TO_SYMGRAPH_EXEC=/Applications/Xcode.app/Contents/Developer/../SharedFrameworks/CoreDocumentation.framework/Resources/sdkdb_to_symgraph
SDKROOT=macosx
SDK_DIR=/Applications/Xcode.app/Contents/Developer/Platforms/MacOSX.platform/Developer/SDKs/MacOSX14.0.sdk
SDK_DIR_macosx14_0=/Applications/Xcode.app/Contents/Developer/Platforms/MacOSX.platform/Developer/SDKs/MacOSX14.0.sdk
SDK_NAME=macosx14.0
SDK_NAMES=macosx14.0
SDK_PRODUCT_BUILD_VERSION=23A334
SDK_STAT_CACHE_ENABLE=YES
SDK_STAT_CACHE_VERBOSE_LOGGING=NO
SDK_VARIANT=macos
SDK_VERSION=14.0
SDK_VERSION_ACTUAL=140000
SDK_VERSION_MAJOR=140000
SDK_VERSION_MINOR=140000
SECTORDER_FLAGS=
SED=/usr/bin/sed
SEPARATE_STRIP=NO
SEPARATE_SYMBOL_EDIT=NO
SET_DIR_MODE_OWNER_GROUP=YES
SET_FILE_MODE_OWNER_GROUP=NO
SHALLOW_BUNDLE=NO
SHARED_DERIVED_FILE_DIR=/Users/armin/Library/Developer/Xcode/DerivedData/desktoppr-axtrxynqkoynnoaquqnjwetqjqhd/ArchiveIntermediates/desktoppr/BuildProductsPath/Release/DerivedSources
SHARED_FRAMEWORKS_FOLDER_PATH=
SHARED_PRECOMPS_DIR=/Users/armin/Library/Developer/Xcode/DerivedData/desktoppr-axtrxynqkoynnoaquqnjwetqjqhd/ArchiveIntermediates/desktoppr/PrecompiledHeaders
SHARED_SUPPORT_FOLDER_PATH=
SHELL=
SHLVL=4
SIGNATURE_METADATA_FOLDER_PATH=/Users/armin/Library/Developer/Xcode/DerivedData/desktoppr-axtrxynqkoynnoaquqnjwetqjqhd/ArchiveIntermediates/desktoppr/BuildProductsPath/Signatures
SKIP_INSTALL=NO
SKYBOX_ENABLE_WARNINGS=Yes
SOURCE_ROOT=/Users/armin/BTSync/Work/Projects/desktoppr
SRCROOT=/Users/armin/BTSync/Work/Projects/desktoppr
SSH_AUTH_SOCK=/private/tmp/com.apple.launchd.GwkneCOO08/Listeners
STORYBOARD_COMPILER_INFOPLIST_CONTENT_FILE=/Users/armin/Library/Developer/Xcode/DerivedData/desktoppr-axtrxynqkoynnoaquqnjwetqjqhd/ArchiveIntermediates/desktoppr/IntermediateBuildFilesPath/desktoppr.build/Release/desktoppr.build/-SBPartialInfo.plist
STRINGSDATA_DIR=/undefined_arch
STRINGSDATA_ROOT=/Users/armin/Library/Developer/Xcode/DerivedData/desktoppr-axtrxynqkoynnoaquqnjwetqjqhd/ArchiveIntermediates/desktoppr/IntermediateBuildFilesPath/desktoppr.build/Release/desktoppr.build
STRINGS_FILE_INFOPLIST_RENAME=YES
STRINGS_FILE_INPUT_ENCODING=
STRINGS_FILE_OUTPUT_ENCODING=UTF-16
STRINGS_FILE_OUTPUT_FILENAME=
STRIPFLAGS=
STRIP_BITCODE_FROM_COPIED_FILES=NO
STRIP_DETERMINISTIC_MODE=YES
STRIP_INSTALLED_PRODUCT=YES
STRIP_PNG_TEXT=NO
STRIP_STYLE=all
STRIP_SWIFT_SYMBOLS=YES
SUPPORTED_PLATFORMS=macosx
SUPPORTS_MACCATALYST=
SUPPORTS_MAC_DESIGNED_FOR_IPHONE_IPAD=
SUPPORTS_TEXT_BASED_API=NO
SUPPORTS_XR_DESIGNED_FOR_IPHONE_IPAD=
SWIFT_ACTIVE_COMPILATION_CONDITIONS=
SWIFT_ADDRESS_SANITIZER=
SWIFT_ADDRESS_SANITIZER_ALLOW_ERROR_RECOVERY=
SWIFT_BITCODE_GENERATION_MODE=bitcode
SWIFT_CLANG_CXX_LANGUAGE_STANDARD=objc-gnu++14
SWIFT_COMPILATION_MODE=wholemodule
SWIFT_CROSS_MODULE_OPTIMIZATION=NO
SWIFT_DEPLOYMENT_TARGET=10.13
SWIFT_DISABLE_SAFETY_CHECKS=NO
SWIFT_EMIT_CONST_VALUE_PROTOCOLS=AppIntent EntityQuery AppEntity TransientEntity AppEnum AppShortcutProviding AppShortcutsProvider AnyResolverProviding AppIntentsPackage DynamicOptionsProvider
SWIFT_EMIT_LOC_STRINGS=NO
SWIFT_EMIT_MODULE_INTERFACE=NO
SWIFT_ENABLE_APP_EXTENSION=NO
SWIFT_ENABLE_BARE_SLASH_REGEX=YES
SWIFT_ENABLE_BATCH_MODE=YES
SWIFT_ENABLE_EMIT_CONST_VALUES=YES
SWIFT_ENABLE_INCREMENTAL_COMPILATION=YES
SWIFT_ENABLE_LIBRARY_EVOLUTION=NO
SWIFT_ENABLE_OPAQUE_TYPE_ERASURE=YES
SWIFT_ENABLE_TESTABILITY=NO
SWIFT_ENFORCE_EXCLUSIVE_ACCESS=on
SWIFT_EXEC=swiftc
SWIFT_INDEX_STORE_ENABLE=NO
SWIFT_INDEX_STORE_PATH=/Users/armin/Library/Developer/Xcode/DerivedData/desktoppr-axtrxynqkoynnoaquqnjwetqjqhd/Index.noindex/DataStore
SWIFT_INSTALL_MODULE=YES
SWIFT_INSTALL_OBJC_HEADER=YES
SWIFT_LIBRARIES_ONLY=NO
SWIFT_LIBRARY_PATH=
SWIFT_LINK_OBJC_RUNTIME=
SWIFT_MIGRATE_CODE=
SWIFT_MODULE_ALIASES=
SWIFT_MODULE_NAME=desktoppr
SWIFT_OBJC_BRIDGING_HEADER=
SWIFT_OBJC_INTERFACE_HEADER_NAME=desktoppr-Swift.h
SWIFT_OBJC_INTEROP_MODE=objc
SWIFT_OPTIMIZATION_LEVEL=-O
SWIFT_PACKAGE_NAME=
SWIFT_PLATFORM_TARGET_PREFIX=macos
SWIFT_PRECOMPILE_BRIDGING_HEADER=YES
SWIFT_REFLECTION_METADATA_LEVEL=all
SWIFT_RESOURCE_DIR=
SWIFT_RESPONSE_FILE_PATH=
SWIFT_SERIALIZE_DEBUGGING_OPTIONS=YES
SWIFT_STDLIB=swiftCore
SWIFT_STDLIB_TOOL_ACTION=
SWIFT_STDLIB_TOOL_CODE_SIGN_IDENTITY=
SWIFT_STDLIB_TOOL_DESTINATION_DIR=/Users/armin/Library/Developer/Xcode/DerivedData/desktoppr-axtrxynqkoynnoaquqnjwetqjqhd/ArchiveIntermediates/desktoppr/InstallationBuildProductsLocation/usr/local/bin/
SWIFT_STDLIB_TOOL_EXECUTABLE_TO_SCAN=
SWIFT_STDLIB_TOOL_FOLDERS_TO_SCAN=
SWIFT_STDLIB_TOOL_KEYCHAIN=
SWIFT_STDLIB_TOOL_OTHER_CODE_SIGN_FLAGS=
SWIFT_STDLIB_TOOL_SOURCE_LIBRARIES=
SWIFT_STDLIB_TOOL_STRIP_BITCODE=YES
SWIFT_STDLIB_TOOL_TOOLCHAINS=/Applications/Xcode.app/Contents/Developer/Toolchains/XcodeDefault.xctoolchain
SWIFT_STDLIB_TOOL_UNSIGNED_DESTINATION_DIR=/Users/armin/Library/Developer/Xcode/DerivedData/desktoppr-axtrxynqkoynnoaquqnjwetqjqhd/ArchiveIntermediates/desktoppr/BuildProductsPath/SwiftSupport
SWIFT_STDLIB_TOOL_VERBOSITY=verbose
SWIFT_STRICT_CONCURRENCY=minimal
SWIFT_SUPPRESS_WARNINGS=NO
SWIFT_TARGET_TRIPLE=undefined_arch-apple-macos10.13
SWIFT_THREAD_SANITIZER=
SWIFT_TREAT_WARNINGS_AS_ERRORS=NO
SWIFT_USE_PARALLEL_WHOLE_MODULE_OPTIMIZATION=YES
SWIFT_USE_PARALLEL_WMO_TARGETS=YES
SWIFT_VALIDATE_CLANG_MODULES_ONCE_PER_BUILD_SESSION=YES
SWIFT_VERSION=4.2
SWIFT_WHOLE_MODULE_OPTIMIZATION=NO
SYMBOL_GRAPH_EXTRACTOR_EXEC=swift-symbolgraph-extract
SYMBOL_GRAPH_EXTRACTOR_MODULE_CACHE_PATH=/Users/armin/Library/Developer/Xcode/DerivedData/ModuleCache.noindex
SYMBOL_GRAPH_EXTRACTOR_MODULE_NAME=desktoppr
SYMBOL_GRAPH_EXTRACTOR_OUTPUT_BASE=/Users/armin/Library/Developer/Xcode/DerivedData/desktoppr-axtrxynqkoynnoaquqnjwetqjqhd/ArchiveIntermediates/desktoppr/IntermediateBuildFilesPath/desktoppr.build/Release/desktoppr.build/symbol-graph
SYMBOL_GRAPH_EXTRACTOR_OUTPUT_DIR=/Users/armin/Library/Developer/Xcode/DerivedData/desktoppr-axtrxynqkoynnoaquqnjwetqjqhd/ArchiveIntermediates/desktoppr/IntermediateBuildFilesPath/desktoppr.build/Release/desktoppr.build/symbol-graph/swift/undefined_arch-apple-macos10.13
SYMBOL_GRAPH_EXTRACTOR_SDK=macosx
SYMBOL_GRAPH_EXTRACTOR_SEARCH_PATHS=
SYMBOL_GRAPH_EXTRACTOR_SWIFT_VERSION=4.2
SYMBOL_GRAPH_EXTRACTOR_TARGET_TRIPLE=undefined_arch-apple-macos10.13
SYMBOL_HEADER=
SYMROOT=/Users/armin/Library/Developer/Xcode/DerivedData/desktoppr-axtrxynqkoynnoaquqnjwetqjqhd/ArchiveIntermediates/desktoppr/BuildProductsPath
SYSTEM_ADMIN_APPS_DIR=/Applications/Utilities
SYSTEM_APPS_DIR=/Applications
SYSTEM_CORE_SERVICES_DIR=/System/Library/CoreServices
SYSTEM_DEMOS_DIR=/Applications/Extras
SYSTEM_DEVELOPER_APPS_DIR=/Applications/Xcode.app/Contents/Developer/Applications
SYSTEM_DEVELOPER_BIN_DIR=/Applications/Xcode.app/Contents/Developer/usr/bin
SYSTEM_DEVELOPER_DEMOS_DIR=/Applications/Xcode.app/Contents/Developer/Applications/Utilities/Built Examples
SYSTEM_DEVELOPER_DIR=/Applications/Xcode.app/Contents/Developer
SYSTEM_DEVELOPER_DOC_DIR=/Applications/Xcode.app/Contents/Developer/ADC Reference Library
SYSTEM_DEVELOPER_EXECUTABLES_DIR=
SYSTEM_DEVELOPER_GRAPHICS_TOOLS_DIR=/Applications/Xcode.app/Contents/Developer/Applications/Graphics Tools
SYSTEM_DEVELOPER_JAVA_TOOLS_DIR=/Applications/Xcode.app/Contents/Developer/Applications/Java Tools
SYSTEM_DEVELOPER_PERFORMANCE_TOOLS_DIR=/Applications/Xcode.app/Contents/Developer/Applications/Performance Tools
SYSTEM_DEVELOPER_RELEASENOTES_DIR=/Applications/Xcode.app/Contents/Developer/ADC Reference Library/releasenotes
SYSTEM_DEVELOPER_TOOLS=/Applications/Xcode.app/Contents/Developer/Tools
SYSTEM_DEVELOPER_TOOLS_DOC_DIR=/Applications/Xcode.app/Contents/Developer/ADC Reference Library/documentation/DeveloperTools
SYSTEM_DEVELOPER_TOOLS_RELEASENOTES_DIR=/Applications/Xcode.app/Contents/Developer/ADC Reference Library/releasenotes/DeveloperTools
SYSTEM_DEVELOPER_USR_DIR=/Applications/Xcode.app/Contents/Developer/usr
SYSTEM_DEVELOPER_UTILITIES_DIR=/Applications/Xcode.app/Contents/Developer/Applications/Utilities
SYSTEM_DEXT_INSTALL_PATH=/System/Library/DriverExtensions
SYSTEM_DOCUMENTATION_DIR=/Library/Documentation
SYSTEM_FRAMEWORK_SEARCH_PATHS=
SYSTEM_HEADER_SEARCH_PATHS=
SYSTEM_KEXT_INSTALL_PATH=/System/Library/Extensions
SYSTEM_LIBRARY_DIR=/System/Library
SYSTEM_LIBRARY_EXECUTABLES_DIR=
SigningCert=
TAPI_APPLICATION_EXTENSION_API_ONLY=NO
TAPI_DEMANGLE=YES
TAPI_DYLIB_ALLOWABLE_CLIENTS=
TAPI_DYLIB_COMPATIBILITY_VERSION=
TAPI_DYLIB_CURRENT_VERSION=
TAPI_DYLIB_INSTALL_NAME=
TAPI_EMIT_PROFILING_SYMBOLS=YES
TAPI_ENABLE_MODULES=NO
TAPI_ENABLE_PROJECT_HEADERS=NO
TAPI_ENABLE_VERIFICATION_MODE=YES
TAPI_EXCLUDE_PRIVATE_HEADERS=
TAPI_EXCLUDE_PROJECT_HEADERS=
TAPI_EXCLUDE_PUBLIC_HEADERS=
TAPI_EXEC=tapi
TAPI_EXTRACT_API_ENABLE_MODULES=YES
TAPI_EXTRACT_API_ENABLE_OBJC_ARC=YES
TAPI_EXTRACT_API_MODULE_CACHE_PATH=/Users/armin/Library/Developer/Xcode/DerivedData/ModuleCache.noindex
TAPI_EXTRACT_API_OUTPUT_DIR=/Users/armin/Library/Developer/Xcode/DerivedData/desktoppr-axtrxynqkoynnoaquqnjwetqjqhd/ArchiveIntermediates/desktoppr/IntermediateBuildFilesPath/desktoppr.build/Release/desktoppr.build/symbol-graph/clang/undefined_arch-apple-macos10.13
TAPI_EXTRACT_API_SDKDB_OUTPUT_PATH=/Users/armin/Library/Developer/Xcode/DerivedData/desktoppr-axtrxynqkoynnoaquqnjwetqjqhd/ArchiveIntermediates/desktoppr/IntermediateBuildFilesPath/desktoppr.build/Release/desktoppr.build/symbol-graph/clang/undefined_arch-apple-macos10.13/desktoppr.sdkdb
TAPI_EXTRACT_API_SEARCH_PATHS=
TAPI_EXTRACT_API_SYSTEM_ROOT=macosx
TAPI_EXTRACT_API_TARGET_TRIPLE=undefined_arch-apple-macos10.13
TAPI_EXTRA_PRIVATE_HEADERS=
TAPI_EXTRA_PROJECT_HEADERS=
TAPI_EXTRA_PUBLIC_HEADERS=
TAPI_FRAMEWORK_SEARCH_PATHS=
TAPI_HEADER_SEARCH_PATHS=
TAPI_LANGUAGE=objective-c
TAPI_LANGUAGE_STANDARD=compiler-default
TAPI_LIBRARY_SEARCH_PATHS=
TAPI_MODULES_VALIDATE_SYSTEM_HEADERS=NO
TAPI_MODULE_CACHE_PATH=/Users/armin/Library/Developer/Xcode/DerivedData/ModuleCache.noindex
TAPI_PREPROCESSOR_DEFINITIONS= 
TAPI_PRODUCT_TYPE=com.apple.product-type.tool
TAPI_READ_DSYM=YES
TAPI_REEXPORTED_FRAMEWORK_INSTALL_NAMES=
TAPI_REEXPORTED_FRAMEWORK_NAMES=
TAPI_REEXPORTED_LIBRARY_INSTALL_NAMES=
TAPI_REEXPORTED_LIBRARY_NAMES=
TAPI_REEXPORTED_LIBRARY_PATHS=
TAPI_RUNPATH_SEARCH_PATHS=
TAPI_SYSTEM_FRAMEWORK_SEARCH_PATHS=
TAPI_SYSTEM_HEADER_SEARCH_PATHS=
TAPI_TARGET_TRIPLE_ARCHS=arm64 x86_64
TAPI_USE_SRCROOT=YES
TAPI_VERIFY_AGAINST=
TAPI_VERIFY_MODE=Pedantic
TARGETED_DEVICE_FAMILY=
TARGETNAME=desktoppr
TARGET_BUILD_DIR=/Users/armin/Library/Developer/Xcode/DerivedData/desktoppr-axtrxynqkoynnoaquqnjwetqjqhd/ArchiveIntermediates/desktoppr/InstallationBuildProductsLocation/usr/local/bin
TARGET_BUILD_SUBPATH=
TARGET_NAME=desktoppr
TARGET_TEMP_DIR=/Users/armin/Library/Developer/Xcode/DerivedData/desktoppr-axtrxynqkoynnoaquqnjwetqjqhd/ArchiveIntermediates/desktoppr/IntermediateBuildFilesPath/desktoppr.build/Release/desktoppr.build
TEMP_DIR=/Users/armin/Library/Developer/Xcode/DerivedData/desktoppr-axtrxynqkoynnoaquqnjwetqjqhd/ArchiveIntermediates/desktoppr/IntermediateBuildFilesPath/desktoppr.build/Release/desktoppr.build
TEMP_FILES_DIR=/Users/armin/Library/Developer/Xcode/DerivedData/desktoppr-axtrxynqkoynnoaquqnjwetqjqhd/ArchiveIntermediates/desktoppr/IntermediateBuildFilesPath/desktoppr.build/Release/desktoppr.build
TEMP_FILE_DIR=/Users/armin/Library/Developer/Xcode/DerivedData/desktoppr-axtrxynqkoynnoaquqnjwetqjqhd/ArchiveIntermediates/desktoppr/IntermediateBuildFilesPath/desktoppr.build/Release/desktoppr.build
TEMP_ROOT=/Users/armin/Library/Developer/Xcode/DerivedData/desktoppr-axtrxynqkoynnoaquqnjwetqjqhd/ArchiveIntermediates/desktoppr/IntermediateBuildFilesPath
TERM=xterm-256color
TERM_PROGRAM=Apple_Terminal
TERM_PROGRAM_VERSION=452
TERM_SESSION_ID=72821036-391F-449E-AC85-1DC4FE7F8C3D
TEST_FRAMEWORK_SEARCH_PATHS= /Applications/Xcode.app/Contents/Developer/Platforms/MacOSX.platform/Developer/Library/Frameworks
TEST_HOST=
TEST_LIBRARY_SEARCH_PATHS= /Applications/Xcode.app/Contents/Developer/Platforms/MacOSX.platform/Developer/usr/lib
TEXTURE_ATLAS_ENABLE_WARNINGS=Yes
TEXTURE_ATLAS_FORMAT=RGBA8888_PNG
TEXTURE_ATLAS_MAXIMUM_SIZE=2048x2048
TMPDIR=/var/folders/6c/4zxbd4tj1bx5rm_9tfnkdbp40000gn/T/
TOOLCHAINS=
TOOLCHAIN_DIR=/Applications/Xcode.app/Contents/Developer/Toolchains/XcodeDefault.xctoolchain
TREAT_MISSING_BASELINES_AS_TEST_FAILURES=NO
TVOS_DEPLOYMENT_TARGET=17.0
UNEXPORTED_SYMBOLS_FILE=
UNINSTALLED_PRODUCTS_DIR=/Users/armin/Library/Developer/Xcode/DerivedData/desktoppr-axtrxynqkoynnoaquqnjwetqjqhd/ArchiveIntermediates/desktoppr/IntermediateBuildFilesPath/UninstalledProducts
UNLOCALIZED_RESOURCES_FOLDER_PATH=
UNSTRIPPED_PRODUCT=NO
USDZ_ENABLE_WARNINGS=Yes
USER=armin
USER_APPS_DIR=/Users/armin/Applications
USER_LIBRARY_DIR=/Users/armin/Library
USE_DYNAMIC_NO_PIC=YES
USE_GCC3_PFE_SUPPORT=
USE_HEADERMAP=YES
USE_HEADER_SYMLINKS=NO
USE_SDK_TOOLCHAINS=YES
VALIDATE_PLIST_FILES_WHILE_COPYING=NO
VALIDATE_PRODUCT=NO
VALIDATE_STRINGS_FILES_WHILE_COPYING=YES
VALID_ARCHS=arm64 arm64e i386 x86_64
VERBOSE_PBXCP=NO
VERSIONING_STUB=
VERSIONING_SYSTEM=
VERSIONPLIST_PATH=
VERSIONS_FOLDER_PATH=
VERSION_INFO_BUILDER=armin
VERSION_INFO_EXPORT_DECL=
VERSION_INFO_FILE=desktoppr_vers.c
VERSION_INFO_PREFIX=
VERSION_INFO_STRING="@(#)PROGRAM:desktoppr  PROJECT:desktoppr-0.2"
VERSION_INFO_SUFFIX=
ValidateForStore=NO
WARNING_CFLAGS=
WARNING_LDFLAGS=
WATCHKIT_2_SUPPORT_FOLDER_PATH=/Users/armin/Library/Developer/Xcode/DerivedData/desktoppr-axtrxynqkoynnoaquqnjwetqjqhd/ArchiveIntermediates/desktoppr/BuildProductsPath/WatchKitSupport2
WATCHOS_DEPLOYMENT_TARGET=10.0
WATCH_BUILT_PRODUCTS_DIR=/Users/armin/Library/Developer/Xcode/DerivedData/desktoppr-axtrxynqkoynnoaquqnjwetqjqhd/ArchiveIntermediates/desktoppr/BuildProductsPath/Release-watchos
WORKSPACE_PATH=/Users/armin/BTSync/Work/Projects/desktoppr/desktoppr.xcodeproj/project.xcworkspace
WRAPPER_EXTENSION=
WRAPPER_NAME=
WRAPPER_PREFIX=
WRAPPER_SUFFIX=
WRAP_ASSET_PACKS_IN_SEPARATE_DIRECTORIES=NO
XCODE_APP_SUPPORT_DIR=/Applications/Xcode.app/Contents/Developer/Library/Xcode
XCODE_DEVELOPER_DIR_PATH=
XCODE_PRODUCT_BUILD_VERSION=15A507
XCODE_VERSION_ACTUAL=1501
XCODE_VERSION_MAJOR=1500
XCODE_VERSION_MINOR=1500
XCSTRINGS_FORCE_BUILD_ALL_STRINGS=NO
XCSTRINGS_LANGUAGES_TO_COMPILE=[]
XIB_COMPILER_INFOPLIST_CONTENT_FILE=/Users/armin/Library/Developer/Xcode/DerivedData/desktoppr-axtrxynqkoynnoaquqnjwetqjqhd/ArchiveIntermediates/desktoppr/IntermediateBuildFilesPath/desktoppr.build/Release/desktoppr.build/-PartialInfo.plist
XPCSERVICES_FOLDER_PATH=/XPCServices
XPC_FLAGS=0x0
XPC_SERVICE_NAME=0
YACC=yacc
YACCFLAGS=
YACC_GENERATED_FILE_STEM=Standard
YACC_GENERATE_DEBUGGING_DIRECTIVES=NO
YACC_INSERT_LINE_DIRECTIVES=YES
_=/usr/bin/env
_BOOL_=NO
_BOOL_NO=NO
_BOOL_YES=YES
_DEVELOPMENT_TEAM_IS_EMPTY=NO
_IS_EMPTY_=YES
_MACOSX_DEPLOYMENT_TARGET_IS_EMPTY=NO
__CFBundleIdentifier=com.apple.dt.Xcode
__CF_USER_TEXT_ENCODING=0x1F5:0x0:0x0
__CLANG_ANALYZER_DIVIDE_BY_ZERO_NO_SILENCE_STRING=core.DivideZero
__CLANG_ANALYZER_DIVIDE_BY_ZERO_YES_SILENCE_STRING=.
__CLANG_ANALYZER_NULL_DEREFERENCE_NO_SILENCE_STRING=core.NullDereference
__CLANG_ANALYZER_NULL_DEREFERENCE_YES_SILENCE_STRING=.
__CLANG_ANALYZER_SILENCE_CHECKERS=YES
__CLANG_ANALYZER_SILENCE_CHECKERS_LIST=.;.
__CPP_PREFIX_HEADER=
__IIG_DEPLOYMENT_TARGET__=10.13
__IIG_FRAMEWORK_NAME__=com.apple.product-type.tool
__INPUT_FILE_LIST_PATH__=
__OTHER_IIG_CFLAGS__=YES
__SWIFT_ENFORCE_EXCLUSIVE_ACCESS_DEBUG_ENFORCEMENT_DEBUG=YES
__SWIFT_ENFORCE_EXCLUSIVE_ACCESS_DEBUG_ENFORCEMENT_RELEASE=YES
_exclude_ds_store_files_=
_resolve_src_symlinks_=
arch=undefined_arch
build_file_compiler_flags=
diagnostic_message_length=0
mig_generate_client_sources=YES
mig_generate_server_sources=NO
print_note_include_stack=YES
variant=normal

note: building component: /Users/armin/Library/Developer/Xcode/DerivedData/desktoppr-axtrxynqkoynnoaquqnjwetqjqhd/ArchiveIntermediates/desktoppr/BuildProductsPath/desktoppr.pkg
pkgbuild: Inferring bundle components from contents of /Users/armin/Library/Developer/Xcode/Archives/2023-11-21/desktoppr 2023-11-21, 10.15.xcarchive/Products/
pkgbuild: Wrote package to /Users/armin/Library/Developer/Xcode/DerivedData/desktoppr-axtrxynqkoynnoaquqnjwetqjqhd/ArchiveIntermediates/desktoppr/BuildProductsPath/desktoppr.pkg

note: building distribution pkg: /Users/armin/Library/Developer/Xcode/DerivedData/desktoppr-axtrxynqkoynnoaquqnjwetqjqhd/ArchiveIntermediates/desktoppr/BuildProductsPath/desktoppr-0.5-150.pkg
productbuild: Enforcing a mandated minimum OS version of (10.13) because a package provided specifies that it requires it.
productbuild: Using timestamp authority for signature
productbuild: Signing product with identity "Developer ID Installer: Armin Briegel (JME5BW3F3R)" from keychain /Users/armin/Library/Keychains/login.keychain-db
productbuild: Adding certificate "Developer ID Certification Authority"
productbuild: Adding certificate "Apple Root CA"
productbuild: Wrote product to /Users/armin/Library/Developer/Xcode/DerivedData/desktoppr-axtrxynqkoynnoaquqnjwetqjqhd/ArchiveIntermediates/desktoppr/BuildProductsPath/desktoppr-0.5-150.pkg
productbuild: Supported OS versions: [Min: 10.13.0, Before: None]

note: submitting for notarization
Conducting pre-submission checks for desktoppr-0.5-150.pkg and initiating connection to the Apple notary service...
Submission ID received
  id: e70b0b4b-95af-4ff8-8321-b627c5d34c05
Successfully uploaded file
  id: e70b0b4b-95af-4ff8-8321-b627c5d34c05
  path: /Users/armin/Library/Developer/Xcode/DerivedData/desktoppr-axtrxynqkoynnoaquqnjwetqjqhd/ArchiveIntermediates/desktoppr/BuildProductsPath/desktoppr-0.5-150.pkg
Waiting for processing to complete.
Current status: In Progress...Current status: In Progress....Current status: Accepted.....Processing complete
  id: e70b0b4b-95af-4ff8-8321-b627c5d34c05
  status: Accepted


Processing: /Users/armin/Library/Developer/Xcode/DerivedData/desktoppr-axtrxynqkoynnoaquqnjwetqjqhd/ArchiveIntermediates/desktoppr/BuildProductsPath/desktoppr-0.5-150.pkg
Processing: /Users/armin/Library/Developer/Xcode/DerivedData/desktoppr-axtrxynqkoynnoaquqnjwetqjqhd/ArchiveIntermediates/desktoppr/BuildProductsPath/desktoppr-0.5-150.pkg
The staple and validate action worked!
